{"meta": {"format": 3, "version": "7.13.5", "timestamp": "2026-03-24T19:06:27.282622", "branch_coverage": false, "show_contexts": false}, "files": {"src\\analysis\\__init__.py": {"executed_lines": [], "summary": {"covered_lines": 0, "num_statements": 0, "percent_covered": 100.0, "percent_covered_display": "100", "missing_lines": 0, "excluded_lines": 0, "percent_statements_covered": 100.0, "percent_statements_covered_display": "100"}, "missing_lines": [], "excluded_lines": [], "functions": {"": {"executed_lines": [], "summary": {"covered_lines": 0, "num_statements": 0, "percent_covered": 100.0, "percent_covered_display": "100", "missing_lines": 0, "excluded_lines": 0, "percent_statements_covered": 100.0, "percent_statements_covered_display": "100"}, "missing_lines": [], "excluded_lines": [], "start_line": 1}}, "classes": {"": {"executed_lines": [], "summary": {"covered_lines": 0, "num_statements": 0, "percent_covered": 100.0, "percent_covered_display": "100", "missing_lines": 0, "excluded_lines": 0, "percent_statements_covered": 100.0, "percent_statements_covered_display": "100"}, "missing_lines": [], "excluded_lines": [], "start_line": 1}}}, "src\\analysis\\nlp_analysis.py": {"executed_lines": [1, 2, 3, 4, 6, 8, 11, 12, 13, 15, 16, 19, 27, 28, 36, 37, 38, 56, 57, 58, 65, 66, 67, 68, 69, 70, 72, 73, 75, 76, 79, 80, 81, 83, 84, 85, 86, 87, 88, 89, 90, 95, 96, 97, 98, 99, 100, 103, 104], "summary": {"covered_lines": 49, "num_statements": 60, "percent_covered": 81.66666666666667, "percent_covered_display": "82", "missing_lines": 11, "excluded_lines": 0, "percent_statements_covered": 81.66666666666667, "percent_statements_covered_display": "82"}, "missing_lines": [17, 40, 41, 42, 43, 45, 51, 52, 53, 91, 92], "excluded_lines": [], "functions": {"analyze_narrative": {"executed_lines": [12, 13, 15, 16, 19, 27, 28, 36, 37, 38], "summary": {"covered_lines": 10, "num_statements": 19, "percent_covered": 52.63157894736842, "percent_covered_display": "53", "missing_lines": 9, "excluded_lines": 0, "percent_statements_covered": 52.63157894736842, "percent_statements_covered_display": "53"}, "missing_lines": [17, 40, 41, 42, 43, 45, 51, 52, 53], "excluded_lines": [], "start_line": 11}, "_extract_narrative": {"executed_lines": [57, 58, 65, 66, 67, 68, 69, 70, 72, 73, 75, 76], "summary": {"covered_lines": 12, "num_statements": 12, "percent_covered": 100.0, "percent_covered_display": "100", "missing_lines": 0, "excluded_lines": 0, "percent_statements_covered": 100.0, "percent_statements_covered_display": "100"}, "missing_lines": [], "excluded_lines": [], "start_line": 56}, "_parse_llm_json": {"executed_lines": [80, 81, 83, 84, 85, 86, 87, 88, 89, 90], "summary": {"covered_lines": 10, "num_statements": 12, "percent_covered": 83.33333333333333, "percent_covered_display": "83", "missing_lines": 2, "excluded_lines": 0, "percent_statements_covered": 83.33333333333333, "percent_statements_covered_display": "83"}, "missing_lines": [91, 92], "excluded_lines": [], "start_line": 79}, "_ensure_list": {"executed_lines": [96, 97, 98, 99, 100], "summary": {"covered_lines": 5, "num_statements": 5, "percent_covered": 100.0, "percent_covered_display": "100", "missing_lines": 0, "excluded_lines": 0, "percent_statements_covered": 100.0, "percent_statements_covered_display": "100"}, "missing_lines": [], "excluded_lines": [], "start_line": 95}, "_empty_result": {"executed_lines": [104], "summary": {"covered_lines": 1, "num_statements": 1, "percent_covered": 100.0, "percent_covered_display": "100", "missing_lines": 0, "excluded_lines": 0, "percent_statements_covered": 100.0, "percent_statements_covered_display": "100"}, "missing_lines": [], "excluded_lines": [], "start_line": 103}, "": {"executed_lines": [1, 2, 3, 4, 6, 8, 11, 56, 79, 95, 103], "summary": {"covered_lines": 11, "num_statements": 11, "percent_covered": 100.0, "percent_covered_display": "100", "missing_lines": 0, "excluded_lines": 0, "percent_statements_covered": 100.0, "percent_statements_covered_display": "100"}, "missing_lines": [], "excluded_lines": [], "start_line": 1}}, "classes": {"": {"executed_lines": [1, 2, 3, 4, 6, 8, 11, 12, 13, 15, 16, 19, 27, 28, 36, 37, 38, 56, 57, 58, 65, 66, 67, 68, 69, 70, 72, 73, 75, 76, 79, 80, 81, 83, 84, 85, 86, 87, 88, 89, 90, 95, 96, 97, 98, 99, 100, 103, 104], "summary": {"covered_lines": 49, "num_statements": 60, "percent_covered": 81.66666666666667, "percent_covered_display": "82", "missing_lines": 11, "excluded_lines": 0, "percent_statements_covered": 81.66666666666667, "percent_statements_covered_display": "82"}, "missing_lines": [17, 40, 41, 42, 43, 45, 51, 52, 53, 91, 92], "excluded_lines": [], "start_line": 1}}}, "src\\analysis\\pdf_extractor.py": {"executed_lines": [1, 2, 3, 4, 6, 7, 8, 9, 12, 13, 14, 15, 19, 21, 23, 125, 126, 127, 128, 129, 130, 131, 132, 133, 134, 135, 136, 137, 138, 139, 142, 143, 144, 145, 146, 147, 149, 150, 151, 152, 153, 154, 155, 156, 157, 158, 160, 163, 164, 166, 167, 168, 169, 170, 171, 173, 174, 175, 176, 177, 178, 185, 186, 188, 191, 192, 195, 196, 197, 198, 199, 200, 201, 202, 203, 205, 206, 207, 208, 209, 213, 214, 215, 217, 218, 221, 222, 223, 224, 225, 226, 227, 229, 230, 231, 232, 235, 236, 237, 238, 239, 240, 241, 246, 247, 282, 283, 284, 285, 286, 287, 295, 296, 299, 300, 303, 307, 310, 312, 313, 314, 315, 316, 328, 329, 330, 331, 335, 338, 340, 341, 343, 349, 350, 351, 352, 355, 356, 357, 358, 359, 360, 361, 363, 366, 367, 368, 369, 370, 373, 374, 375, 378, 379, 380, 381, 384, 385, 386, 388, 389, 390, 391, 393, 394, 396, 397, 401, 402, 404], "summary": {"covered_lines": 170, "num_statements": 198, "percent_covered": 85.85858585858585, "percent_covered_display": "86", "missing_lines": 28, "excluded_lines": 0, "percent_statements_covered": 85.85858585858585, "percent_statements_covered_display": "86"}, "missing_lines": [216, 219, 288, 289, 290, 291, 301, 302, 304, 305, 317, 318, 319, 320, 321, 322, 323, 324, 325, 326, 332, 333, 334, 344, 345, 346, 398, 399], "excluded_lines": [], "functions": {"is_scanned_pdf": {"executed_lines": [126, 127, 128, 129, 130, 131, 132, 133, 134, 135, 136, 137, 138, 139], "summary": {"covered_lines": 14, "num_statements": 14, "percent_covered": 100.0, "percent_covered_display": "100", "missing_lines": 0, "excluded_lines": 0, "percent_statements_covered": 100.0, "percent_statements_covered_display": "100"}, "missing_lines": [], "excluded_lines": [], "start_line": 125}, "extract_text_from_scanned": {"executed_lines": [143, 144, 145, 146, 147, 149, 150, 151, 152, 153, 154, 155, 156, 157, 158, 160], "summary": {"covered_lines": 16, "num_statements": 16, "percent_covered": 100.0, "percent_covered_display": "100", "missing_lines": 0, "excluded_lines": 0, "percent_statements_covered": 100.0, "percent_statements_covered_display": "100"}, "missing_lines": [], "excluded_lines": [], "start_line": 142}, "extract_tables": {"executed_lines": [164, 166, 167, 168, 169, 170, 171, 173, 174, 175, 176, 177, 178, 185, 186, 188], "summary": {"covered_lines": 16, "num_statements": 16, "percent_covered": 100.0, "percent_covered_display": "100", "missing_lines": 0, "excluded_lines": 0, "percent_statements_covered": 100.0, "percent_statements_covered_display": "100"}, "missing_lines": [], "excluded_lines": [], "start_line": 163}, "parse_financial_statements": {"executed_lines": [192, 195, 196, 197, 198, 199, 200, 201, 202, 203, 205, 206, 207, 208, 209, 213, 214, 215, 217, 218, 221, 222, 223, 224, 225, 226, 227, 229, 230, 231, 232, 235, 236, 237, 238, 239, 240, 241, 246, 247, 282, 283, 284, 285, 286, 287, 295, 296, 299, 300, 303, 307], "summary": {"covered_lines": 52, "num_statements": 62, "percent_covered": 83.87096774193549, "percent_covered_display": "84", "missing_lines": 10, "excluded_lines": 0, "percent_statements_covered": 83.87096774193549, "percent_statements_covered_display": "84"}, "missing_lines": [216, 219, 288, 289, 290, 291, 301, 302, 304, 305], "excluded_lines": [], "start_line": 191}, "_extract_section_total": {"executed_lines": [312, 313, 314, 315, 316, 328, 329, 330, 331, 335], "summary": {"covered_lines": 10, "num_statements": 23, "percent_covered": 43.47826086956522, "percent_covered_display": "43", "missing_lines": 13, "excluded_lines": 0, "percent_statements_covered": 43.47826086956522, "percent_statements_covered_display": "43"}, "missing_lines": [317, 318, 319, 320, 321, 322, 323, 324, 325, 326, 332, 333, 334], "excluded_lines": [], "start_line": 310}, "_table_to_rows": {"executed_lines": [340, 341, 343, 349, 350, 351, 352, 355, 356, 357, 358, 359, 360, 361, 363], "summary": {"covered_lines": 15, "num_statements": 18, "percent_covered": 83.33333333333333, "percent_covered_display": "83", "missing_lines": 3, "excluded_lines": 0, "percent_statements_covered": 83.33333333333333, "percent_statements_covered_display": "83"}, "missing_lines": [344, 345, 346], "excluded_lines": [], "start_line": 338}, "_extract_number_from_text": {"executed_lines": [367, 368, 369, 370], "summary": {"covered_lines": 4, "num_statements": 4, "percent_covered": 100.0, "percent_covered_display": "100", "missing_lines": 0, "excluded_lines": 0, "percent_statements_covered": 100.0, "percent_statements_covered_display": "100"}, "missing_lines": [], "excluded_lines": [], "start_line": 366}, "_extract_number_near_keywords": {"executed_lines": [374, 375, 378, 379, 380, 381], "summary": {"covered_lines": 6, "num_statements": 6, "percent_covered": 100.0, "percent_covered_display": "100", "missing_lines": 0, "excluded_lines": 0, "percent_statements_covered": 100.0, "percent_statements_covered_display": "100"}, "missing_lines": [], "excluded_lines": [], "start_line": 373}, "_normalize_number": {"executed_lines": [385, 386, 388, 389, 390, 391, 393, 394, 396, 397, 401, 402, 404], "summary": {"covered_lines": 13, "num_statements": 15, "percent_covered": 86.66666666666667, "percent_covered_display": "87", "missing_lines": 2, "excluded_lines": 0, "percent_statements_covered": 86.66666666666667, "percent_statements_covered_display": "87"}, "missing_lines": [398, 399], "excluded_lines": [], "start_line": 384}, "": {"executed_lines": [1, 2, 3, 4, 6, 7, 8, 9, 12, 13, 14, 15, 19, 21, 23, 125, 142, 163, 191, 310, 338, 366, 373, 384], "summary": {"covered_lines": 24, "num_statements": 24, "percent_covered": 100.0, "percent_covered_display": "100", "missing_lines": 0, "excluded_lines": 0, "percent_statements_covered": 100.0, "percent_statements_covered_display": "100"}, "missing_lines": [], "excluded_lines": [], "start_line": 1}}, "classes": {"": {"executed_lines": [1, 2, 3, 4, 6, 7, 8, 9, 12, 13, 14, 15, 19, 21, 23, 125, 126, 127, 128, 129, 130, 131, 132, 133, 134, 135, 136, 137, 138, 139, 142, 143, 144, 145, 146, 147, 149, 150, 151, 152, 153, 154, 155, 156, 157, 158, 160, 163, 164, 166, 167, 168, 169, 170, 171, 173, 174, 175, 176, 177, 178, 185, 186, 188, 191, 192, 195, 196, 197, 198, 199, 200, 201, 202, 203, 205, 206, 207, 208, 209, 213, 214, 215, 217, 218, 221, 222, 223, 224, 225, 226, 227, 229, 230, 231, 232, 235, 236, 237, 238, 239, 240, 241, 246, 247, 282, 283, 284, 285, 286, 287, 295, 296, 299, 300, 303, 307, 310, 312, 313, 314, 315, 316, 328, 329, 330, 331, 335, 338, 340, 341, 343, 349, 350, 351, 352, 355, 356, 357, 358, 359, 360, 361, 363, 366, 367, 368, 369, 370, 373, 374, 375, 378, 379, 380, 381, 384, 385, 386, 388, 389, 390, 391, 393, 394, 396, 397, 401, 402, 404], "summary": {"covered_lines": 170, "num_statements": 198, "percent_covered": 85.85858585858585, "percent_covered_display": "86", "missing_lines": 28, "excluded_lines": 0, "percent_statements_covered": 85.85858585858585, "percent_statements_covered_display": "86"}, "missing_lines": [216, 219, 288, 289, 290, 291, 301, 302, 304, 305, 317, 318, 319, 320, 321, 322, 323, 324, 325, 326, 332, 333, 334, 344, 345, 346, 398, 399], "excluded_lines": [], "start_line": 1}}}, "src\\analysis\\ratios.py": {"executed_lines": [1, 2, 4, 7, 41, 42, 43, 44, 45, 46, 47, 50, 51, 52, 53, 54, 55, 56, 57, 60, 62, 91, 94, 105, 106, 107, 108, 109, 110, 111, 114, 125, 126, 127, 128, 134, 144, 145, 146, 147, 148, 149, 152, 159, 164, 165, 166, 169, 175, 176, 177], "summary": {"covered_lines": 51, "num_statements": 54, "percent_covered": 94.44444444444444, "percent_covered_display": "94", "missing_lines": 3, "excluded_lines": 0, "percent_statements_covered": 94.44444444444444, "percent_statements_covered_display": "94"}, "missing_lines": [129, 130, 131], "excluded_lines": [], "functions": {"calculate_ratios": {"executed_lines": [41, 42, 43, 44, 45, 46, 47, 50, 51, 52, 53, 54, 55, 56, 57, 60, 62, 91], "summary": {"covered_lines": 18, "num_statements": 18, "percent_covered": 100.0, "percent_covered_display": "100", "missing_lines": 0, "excluded_lines": 0, "percent_statements_covered": 100.0, "percent_statements_covered_display": "100"}, "missing_lines": [], "excluded_lines": [], "start_line": 7}, "_safe_div": {"executed_lines": [105, 106, 107, 108, 109, 110, 111], "summary": {"covered_lines": 7, "num_statements": 7, "percent_covered": 100.0, "percent_covered_display": "100", "missing_lines": 0, "excluded_lines": 0, "percent_statements_covered": 100.0, "percent_statements_covered_display": "100"}, "missing_lines": [], "excluded_lines": [], "start_line": 94}, "_subtract": {"executed_lines": [125, 126, 127, 128], "summary": {"covered_lines": 4, "num_statements": 7, "percent_covered": 57.142857142857146, "percent_covered_display": "57", "missing_lines": 3, "excluded_lines": 0, "percent_statements_covered": 57.142857142857146, "percent_statements_covered_display": "57"}, "missing_lines": [129, 130, 131], "excluded_lines": [], "start_line": 114}, "_to_number": {"executed_lines": [144, 145, 146, 147, 148, 149], "summary": {"covered_lines": 6, "num_statements": 6, "percent_covered": 100.0, "percent_covered_display": "100", "missing_lines": 0, "excluded_lines": 0, "percent_statements_covered": 100.0, "percent_statements_covered_display": "100"}, "missing_lines": [], "excluded_lines": [], "start_line": 134}, "_log_missing_data": {"executed_lines": [159, 164, 165, 166, 169, 175, 176, 177], "summary": {"covered_lines": 8, "num_statements": 8, "percent_covered": 100.0, "percent_covered_display": "100", "missing_lines": 0, "excluded_lines": 0, "percent_statements_covered": 100.0, "percent_statements_covered_display": "100"}, "missing_lines": [], "excluded_lines": [], "start_line": 152}, "": {"executed_lines": [1, 2, 4, 7, 94, 114, 134, 152], "summary": {"covered_lines": 8, "num_statements": 8, "percent_covered": 100.0, "percent_covered_display": "100", "missing_lines": 0, "excluded_lines": 0, "percent_statements_covered": 100.0, "percent_statements_covered_display": "100"}, "missing_lines": [], "excluded_lines": [], "start_line": 1}}, "classes": {"": {"executed_lines": [1, 2, 4, 7, 41, 42, 43, 44, 45, 46, 47, 50, 51, 52, 53, 54, 55, 56, 57, 60, 62, 91, 94, 105, 106, 107, 108, 109, 110, 111, 114, 125, 126, 127, 128, 134, 144, 145, 146, 147, 148, 149, 152, 159, 164, 165, 166, 169, 175, 176, 177], "summary": {"covered_lines": 51, "num_statements": 54, "percent_covered": 94.44444444444444, "percent_covered_display": "94", "missing_lines": 3, "excluded_lines": 0, "percent_statements_covered": 94.44444444444444, "percent_statements_covered_display": "94"}, "missing_lines": [129, 130, 131], "excluded_lines": [], "start_line": 1}}}, "src\\analysis\\recommendations.py": {"executed_lines": [2, 3, 4, 5, 6, 8, 10, 14, 21, 31, 32, 33, 35, 36, 37, 40, 42, 43, 44, 47, 64, 65, 66, 67, 68, 69, 70, 71, 73, 77, 78, 79, 80, 81, 82, 83, 84, 86, 90, 91, 92, 93, 94, 95, 96, 99, 115, 118, 141, 142, 143, 146, 149, 151, 166, 167, 168, 171, 173, 174, 175, 177, 178, 180, 181, 182, 183, 186, 187, 188, 191, 203, 204, 206, 210, 211, 212, 215, 216, 217, 219, 220, 222, 223, 229, 231, 232, 233, 236, 238, 239, 241, 244, 265, 268, 272], "summary": {"covered_lines": 96, "num_statements": 108, "percent_covered": 88.88888888888889, "percent_covered_display": "89", "missing_lines": 12, "excluded_lines": 0, "percent_statements_covered": 88.88888888888889, "percent_statements_covered_display": "89"}, "missing_lines": [38, 72, 74, 85, 87, 184, 185, 224, 225, 226, 269, 270], "excluded_lines": [], "functions": {"_format_metric_value": {"executed_lines": [31, 32, 33, 35, 36, 37, 40, 42, 43, 44], "summary": {"covered_lines": 10, "num_statements": 11, "percent_covered": 90.9090909090909, "percent_covered_display": "91", "missing_lines": 1, "excluded_lines": 0, "percent_statements_covered": 90.9090909090909, "percent_statements_covered_display": "91"}, "missing_lines": [38], "excluded_lines": [], "start_line": 21}, "_build_recommendations_prompt": {"executed_lines": [64, 65, 66, 67, 68, 69, 70, 71, 73, 77, 78, 79, 80, 81, 82, 83, 84, 86, 90, 91, 92, 93, 94, 95, 96, 99, 115], "summary": {"covered_lines": 27, "num_statements": 31, "percent_covered": 87.09677419354838, "percent_covered_display": "87", "missing_lines": 4, "excluded_lines": 0, "percent_statements_covered": 87.09677419354838, "percent_statements_covered_display": "87"}, "missing_lines": [72, 74, 85, 87], "excluded_lines": [], "start_line": 47}, "generate_recommendations": {"executed_lines": [141, 142, 143, 146, 149, 151, 166, 167, 168, 171, 173, 174, 175, 177, 178, 180, 181, 182, 183, 186, 187, 188], "summary": {"covered_lines": 22, "num_statements": 24, "percent_covered": 91.66666666666667, "percent_covered_display": "92", "missing_lines": 2, "excluded_lines": 0, "percent_statements_covered": 91.66666666666667, "percent_statements_covered_display": "92"}, "missing_lines": [184, 185], "excluded_lines": [], "start_line": 118}, "_parse_recommendations_response": {"executed_lines": [203, 204, 206, 210, 211, 212, 215, 216, 217, 219, 220, 222, 223, 229, 231, 232, 233, 236, 238, 239, 241], "summary": {"covered_lines": 21, "num_statements": 24, "percent_covered": 87.5, "percent_covered_display": "88", "missing_lines": 3, "excluded_lines": 0, "percent_statements_covered": 87.5, "percent_statements_covered_display": "88"}, "missing_lines": [224, 225, 226], "excluded_lines": [], "start_line": 191}, "generate_recommendations_with_fallback": {"executed_lines": [265, 268, 272], "summary": {"covered_lines": 3, "num_statements": 5, "percent_covered": 60.0, "percent_covered_display": "60", "missing_lines": 2, "excluded_lines": 0, "percent_statements_covered": 60.0, "percent_statements_covered_display": "60"}, "missing_lines": [269, 270], "excluded_lines": [], "start_line": 244}, "": {"executed_lines": [2, 3, 4, 5, 6, 8, 10, 14, 21, 47, 118, 191, 244], "summary": {"covered_lines": 13, "num_statements": 13, "percent_covered": 100.0, "percent_covered_display": "100", "missing_lines": 0, "excluded_lines": 0, "percent_statements_covered": 100.0, "percent_statements_covered_display": "100"}, "missing_lines": [], "excluded_lines": [], "start_line": 1}}, "classes": {"": {"executed_lines": [2, 3, 4, 5, 6, 8, 10, 14, 21, 31, 32, 33, 35, 36, 37, 40, 42, 43, 44, 47, 64, 65, 66, 67, 68, 69, 70, 71, 73, 77, 78, 79, 80, 81, 82, 83, 84, 86, 90, 91, 92, 93, 94, 95, 96, 99, 115, 118, 141, 142, 143, 146, 149, 151, 166, 167, 168, 171, 173, 174, 175, 177, 178, 180, 181, 182, 183, 186, 187, 188, 191, 203, 204, 206, 210, 211, 212, 215, 216, 217, 219, 220, 222, 223, 229, 231, 232, 233, 236, 238, 239, 241, 244, 265, 268, 272], "summary": {"covered_lines": 96, "num_statements": 108, "percent_covered": 88.88888888888889, "percent_covered_display": "89", "missing_lines": 12, "excluded_lines": 0, "percent_statements_covered": 88.88888888888889, "percent_statements_covered_display": "89"}, "missing_lines": [38, 72, 74, 85, 87, 184, 185, 224, 225, 226, 269, 270], "excluded_lines": [], "start_line": 1}}}, "src\\analysis\\scoring.py": {"executed_lines": [1, 2, 4, 9, 31, 52, 65, 66, 67, 69, 70, 71, 72, 73, 74, 75, 76, 78, 79, 82, 84, 86, 93, 104, 105, 107, 108, 109, 111, 113, 114, 116, 119, 121, 122, 123, 126, 128, 129, 130, 132, 133, 134, 137, 139, 140, 141, 142, 143, 146, 147, 148, 149, 150, 151, 152, 153], "summary": {"covered_lines": 57, "num_statements": 58, "percent_covered": 98.27586206896552, "percent_covered_display": "98", "missing_lines": 1, "excluded_lines": 0, "percent_statements_covered": 98.27586206896552, "percent_statements_covered_display": "98"}, "missing_lines": [131], "excluded_lines": [], "functions": {"calculate_integral_score": {"executed_lines": [65, 66, 67, 69, 70, 71, 72, 73, 74, 75, 76, 78, 79, 82, 84, 86], "summary": {"covered_lines": 16, "num_statements": 16, "percent_covered": 100.0, "percent_covered_display": "100", "missing_lines": 0, "excluded_lines": 0, "percent_statements_covered": 100.0, "percent_statements_covered_display": "100"}, "missing_lines": [], "excluded_lines": [], "start_line": 52}, "_normalize_ratio": {"executed_lines": [104, 105, 107, 108, 109, 111, 113, 114, 116], "summary": {"covered_lines": 9, "num_statements": 9, "percent_covered": 100.0, "percent_covered_display": "100", "missing_lines": 0, "excluded_lines": 0, "percent_statements_covered": 100.0, "percent_statements_covered_display": "100"}, "missing_lines": [], "excluded_lines": [], "start_line": 93}, "_normalize_positive": {"executed_lines": [121, 122, 123], "summary": {"covered_lines": 3, "num_statements": 3, "percent_covered": 100.0, "percent_covered_display": "100", "missing_lines": 0, "excluded_lines": 0, "percent_statements_covered": 100.0, "percent_statements_covered_display": "100"}, "missing_lines": [], "excluded_lines": [], "start_line": 119}, "_normalize_inverse": {"executed_lines": [128, 129, 130, 132, 133, 134], "summary": {"covered_lines": 6, "num_statements": 7, "percent_covered": 85.71428571428571, "percent_covered_display": "86", "missing_lines": 1, "excluded_lines": 0, "percent_statements_covered": 85.71428571428571, "percent_statements_covered_display": "86"}, "missing_lines": [131], "excluded_lines": [], "start_line": 126}, "_risk_level": {"executed_lines": [139, 140, 141, 142, 143], "summary": {"covered_lines": 5, "num_statements": 5, "percent_covered": 100.0, "percent_covered_display": "100", "missing_lines": 0, "excluded_lines": 0, "percent_statements_covered": 100.0, "percent_statements_covered_display": "100"}, "missing_lines": [], "excluded_lines": [], "start_line": 137}, "_to_number": {"executed_lines": [147, 148, 149, 150, 151, 152, 153], "summary": {"covered_lines": 7, "num_statements": 7, "percent_covered": 100.0, "percent_covered_display": "100", "missing_lines": 0, "excluded_lines": 0, "percent_statements_covered": 100.0, "percent_statements_covered_display": "100"}, "missing_lines": [], "excluded_lines": [], "start_line": 146}, "": {"executed_lines": [1, 2, 4, 9, 31, 52, 93, 119, 126, 137, 146], "summary": {"covered_lines": 11, "num_statements": 11, "percent_covered": 100.0, "percent_covered_display": "100", "missing_lines": 0, "excluded_lines": 0, "percent_statements_covered": 100.0, "percent_statements_covered_display": "100"}, "missing_lines": [], "excluded_lines": [], "start_line": 1}}, "classes": {"": {"executed_lines": [1, 2, 4, 9, 31, 52, 65, 66, 67, 69, 70, 71, 72, 73, 74, 75, 76, 78, 79, 82, 84, 86, 93, 104, 105, 107, 108, 109, 111, 113, 114, 116, 119, 121, 122, 123, 126, 128, 129, 130, 132, 133, 134, 137, 139, 140, 141, 142, 143, 146, 147, 148, 149, 150, 151, 152, 153], "summary": {"covered_lines": 57, "num_statements": 58, "percent_covered": 98.27586206896552, "percent_covered_display": "98", "missing_lines": 1, "excluded_lines": 0, "percent_statements_covered": 98.27586206896552, "percent_statements_covered_display": "98"}, "missing_lines": [131], "excluded_lines": [], "start_line": 1}}}, "src\\app.py": {"executed_lines": [1, 2, 3, 4, 6, 7, 8, 9, 10, 11, 12, 13, 15, 16, 17, 18, 19, 22, 25, 38, 39, 42, 43, 46, 47, 53, 54, 55, 56, 58, 63, 66, 77, 78, 80, 81, 84, 85, 87, 88, 91, 92, 96, 100, 101, 118, 119, 123, 125, 127, 131, 139, 142, 145, 148, 151, 152, 155, 157, 162, 163, 164, 165, 166, 206, 215, 216, 217], "summary": {"covered_lines": 68, "num_statements": 86, "percent_covered": 79.06976744186046, "percent_covered_display": "79", "missing_lines": 18, "excluded_lines": 0, "percent_statements_covered": 79.06976744186046, "percent_statements_covered_display": "79"}, "missing_lines": [93, 97, 102, 104, 111, 121, 169, 175, 180, 185, 190, 197, 198, 200, 201, 202, 203, 204], "excluded_lines": [], "functions": {"_parse_cors_origins": {"executed_lines": [38, 39, 42, 43, 46, 47, 53, 54, 55, 56, 58, 63], "summary": {"covered_lines": 12, "num_statements": 12, "percent_covered": 100.0, "percent_covered_display": "100", "missing_lines": 0, "excluded_lines": 0, "percent_statements_covered": 100.0, "percent_statements_covered_display": "100"}, "missing_lines": [], "excluded_lines": [], "start_line": 25}, "_parse_cors_list": {"executed_lines": [77, 78, 80, 81], "summary": {"covered_lines": 4, "num_statements": 4, "percent_covered": 100.0, "percent_covered_display": "100", "missing_lines": 0, "excluded_lines": 0, "percent_statements_covered": 100.0, "percent_statements_covered_display": "100"}, "missing_lines": [], "excluded_lines": [], "start_line": 66}, "lifespan": {"executed_lines": [87, 88, 91, 92, 96, 100, 101, 118, 119, 123, 125, 127], "summary": {"covered_lines": 12, "num_statements": 18, "percent_covered": 66.66666666666667, "percent_covered_display": "67", "missing_lines": 6, "excluded_lines": 0, "percent_statements_covered": 66.66666666666667, "percent_statements_covered_display": "67"}, "missing_lines": [93, 97, 102, 104, 111, 121], "excluded_lines": [], "start_line": 85}, "": {"executed_lines": [1, 2, 3, 4, 6, 7, 8, 9, 10, 11, 12, 13, 15, 16, 17, 18, 19, 22, 25, 66, 84, 85, 131, 139, 142, 145, 148, 151, 152, 155, 157, 162, 163, 164, 165, 166, 206, 215, 216, 217], "summary": {"covered_lines": 40, "num_statements": 52, "percent_covered": 76.92307692307692, "percent_covered_display": "77", "missing_lines": 12, "excluded_lines": 0, "percent_statements_covered": 76.92307692307692, "percent_statements_covered_display": "77"}, "missing_lines": [169, 175, 180, 185, 190, 197, 198, 200, 201, 202, 203, 204], "excluded_lines": [], "start_line": 1}}, "classes": {"": {"executed_lines": [1, 2, 3, 4, 6, 7, 8, 9, 10, 11, 12, 13, 15, 16, 17, 18, 19, 22, 25, 38, 39, 42, 43, 46, 47, 53, 54, 55, 56, 58, 63, 66, 77, 78, 80, 81, 84, 85, 87, 88, 91, 92, 96, 100, 101, 118, 119, 123, 125, 127, 131, 139, 142, 145, 148, 151, 152, 155, 157, 162, 163, 164, 165, 166, 206, 215, 216, 217], "summary": {"covered_lines": 68, "num_statements": 86, "percent_covered": 79.06976744186046, "percent_covered_display": "79", "missing_lines": 18, "excluded_lines": 0, "percent_statements_covered": 79.06976744186046, "percent_statements_covered_display": "79"}, "missing_lines": [93, 97, 102, 104, 111, 121, 169, 175, 180, 185, 190, 197, 198, 200, 201, 202, 203, 204], "excluded_lines": [], "start_line": 1}}}, "src\\controllers\\analyze.py": {"executed_lines": [1, 2, 3, 4, 5, 6, 8, 9, 11, 12, 14, 17, 19, 22, 23, 27, 28, 32, 33, 34, 37, 40, 50, 52, 53, 55, 57, 59, 60, 61, 63, 65, 68, 69, 70, 71, 72, 73, 78, 85, 90, 91, 92, 96, 99, 112, 114, 115, 118, 119, 120, 121, 123, 126, 131, 132, 133, 134, 135, 136, 138, 141, 142, 143, 144, 145, 147, 148, 149, 150, 153, 154, 158, 159, 164, 166, 167, 168, 169, 170, 178, 179, 180, 181, 182, 183, 186, 189, 190, 193, 194, 195, 196, 198, 199, 201, 202, 203, 204, 205, 208, 209, 212, 215, 220, 222, 249, 251, 305, 306, 308, 309, 310, 316, 352], "summary": {"covered_lines": 115, "num_statements": 151, "percent_covered": 76.15894039735099, "percent_covered_display": "76", "missing_lines": 36, "excluded_lines": 0, "percent_statements_covered": 76.15894039735099, "percent_statements_covered_display": "76"}, "missing_lines": [24, 29, 74, 75, 93, 94, 127, 224, 225, 226, 227, 228, 229, 230, 231, 232, 237, 238, 239, 240, 241, 307, 311, 312, 313, 314, 317, 318, 320, 323, 333, 335, 336, 339, 348, 349], "excluded_lines": [], "functions": {"_extract_json_from_response": {"executed_lines": [19, 22, 23, 27, 28, 32, 33, 34, 37], "summary": {"covered_lines": 9, "num_statements": 11, "percent_covered": 81.81818181818181, "percent_covered_display": "82", "missing_lines": 2, "excluded_lines": 0, "percent_statements_covered": 81.81818181818181, "percent_statements_covered_display": "82"}, "missing_lines": [24, 29], "excluded_lines": [], "start_line": 17}, "_read_pdf_file": {"executed_lines": [50, 52, 53, 55, 57, 59, 60, 61, 63, 65, 68, 69, 70, 71, 72, 73, 78, 85, 90, 91, 92, 96], "summary": {"covered_lines": 22, "num_statements": 26, "percent_covered": 84.61538461538461, "percent_covered_display": "85", "missing_lines": 4, "excluded_lines": 0, "percent_statements_covered": 84.61538461538461, "percent_statements_covered_display": "85"}, "missing_lines": [74, 75, 93, 94], "excluded_lines": [], "start_line": 40}, "analyze_pdf": {"executed_lines": [112, 114, 115, 118, 119, 120, 121, 123, 126, 131, 132, 133, 134, 135, 136, 138, 141, 142, 143, 144, 145, 147, 148, 149, 150, 153, 154, 158, 159, 164, 166, 167, 168, 169, 170, 178, 179, 180, 181, 182, 183, 186, 189, 190, 193, 194, 195, 196, 198, 199, 201, 202, 203, 204, 205, 208, 209, 212, 215, 220, 222, 249, 251, 305, 306, 308, 309, 310, 316, 352], "summary": {"covered_lines": 70, "num_statements": 86, "percent_covered": 81.3953488372093, "percent_covered_display": "81", "missing_lines": 16, "excluded_lines": 0, "percent_statements_covered": 81.3953488372093, "percent_statements_covered_display": "81"}, "missing_lines": [127, 307, 311, 312, 313, 314, 317, 318, 320, 323, 333, 335, 336, 339, 348, 349], "excluded_lines": [], "start_line": 99}, "analyze_pdf._parse_russian_number": {"executed_lines": [], "summary": {"covered_lines": 0, "num_statements": 14, "percent_covered": 0.0, "percent_covered_display": "0", "missing_lines": 14, "excluded_lines": 0, "percent_statements_covered": 0.0, "percent_statements_covered_display": "0"}, "missing_lines": [224, 225, 226, 227, 228, 229, 230, 231, 232, 237, 238, 239, 240, 241], "excluded_lines": [], "start_line": 222}, "": {"executed_lines": [1, 2, 3, 4, 5, 6, 8, 9, 11, 12, 14, 17, 40, 99], "summary": {"covered_lines": 14, "num_statements": 14, "percent_covered": 100.0, "percent_covered_display": "100", "missing_lines": 0, "excluded_lines": 0, "percent_statements_covered": 100.0, "percent_statements_covered_display": "100"}, "missing_lines": [], "excluded_lines": [], "start_line": 1}}, "classes": {"": {"executed_lines": [1, 2, 3, 4, 5, 6, 8, 9, 11, 12, 14, 17, 19, 22, 23, 27, 28, 32, 33, 34, 37, 40, 50, 52, 53, 55, 57, 59, 60, 61, 63, 65, 68, 69, 70, 71, 72, 73, 78, 85, 90, 91, 92, 96, 99, 112, 114, 115, 118, 119, 120, 121, 123, 126, 131, 132, 133, 134, 135, 136, 138, 141, 142, 143, 144, 145, 147, 148, 149, 150, 153, 154, 158, 159, 164, 166, 167, 168, 169, 170, 178, 179, 180, 181, 182, 183, 186, 189, 190, 193, 194, 195, 196, 198, 199, 201, 202, 203, 204, 205, 208, 209, 212, 215, 220, 222, 249, 251, 305, 306, 308, 309, 310, 316, 352], "summary": {"covered_lines": 115, "num_statements": 151, "percent_covered": 76.15894039735099, "percent_covered_display": "76", "missing_lines": 36, "excluded_lines": 0, "percent_statements_covered": 76.15894039735099, "percent_statements_covered_display": "76"}, "missing_lines": [24, 29, 74, 75, 93, 94, 127, 224, 225, 226, 227, 228, 229, 230, 231, 232, 237, 238, 239, 240, 241, 307, 311, 312, 313, 314, 317, 318, 320, 323, 333, 335, 336, 339, 348, 349], "excluded_lines": [], "start_line": 1}}}, "src\\core\\agent.py": {"executed_lines": [1, 2, 3, 5, 6, 8, 10, 11, 12, 13, 16, 18, 21, 22, 23, 24, 25, 26, 27, 29, 40, 41, 43, 44, 46, 47, 48, 49, 51, 53, 54, 58, 73, 75, 76, 77, 78, 82, 83, 84, 86, 113, 207], "summary": {"covered_lines": 43, "num_statements": 99, "percent_covered": 43.43434343434343, "percent_covered_display": "43", "missing_lines": 56, "excluded_lines": 0, "percent_statements_covered": 43.43434343434343, "percent_statements_covered_display": "43"}, "missing_lines": [115, 120, 126, 127, 128, 129, 131, 132, 134, 135, 136, 137, 143, 144, 145, 146, 147, 148, 149, 152, 153, 154, 156, 157, 158, 159, 161, 162, 163, 167, 168, 169, 170, 172, 173, 175, 176, 177, 181, 182, 183, 184, 186, 187, 189, 190, 191, 192, 193, 194, 195, 197, 198, 201, 202, 203], "excluded_lines": [], "functions": {"Agent.__init__": {"executed_lines": [23, 24, 25, 26, 27], "summary": {"covered_lines": 5, "num_statements": 5, "percent_covered": 100.0, "percent_covered_display": "100", "missing_lines": 0, "excluded_lines": 0, "percent_statements_covered": 100.0, "percent_statements_covered_display": "100"}, "missing_lines": [], "excluded_lines": [], "start_line": 22}, "Agent.set_config": {"executed_lines": [40, 41, 43, 44, 46, 47, 48, 49], "summary": {"covered_lines": 8, "num_statements": 8, "percent_covered": 100.0, "percent_covered_display": "100", "missing_lines": 0, "excluded_lines": 0, "percent_statements_covered": 100.0, "percent_statements_covered_display": "100"}, "missing_lines": [], "excluded_lines": [], "start_line": 29}, "Agent._ensure_configured": {"executed_lines": [53, 54], "summary": {"covered_lines": 2, "num_statements": 2, "percent_covered": 100.0, "percent_covered_display": "100", "missing_lines": 0, "excluded_lines": 0, "percent_statements_covered": 100.0, "percent_statements_covered_display": "100"}, "missing_lines": [], "excluded_lines": [], "start_line": 51}, "Agent.invoke": {"executed_lines": [73, 75, 76, 77, 78, 82, 83, 84], "summary": {"covered_lines": 8, "num_statements": 8, "percent_covered": 100.0, "percent_covered_display": "100", "missing_lines": 0, "excluded_lines": 0, "percent_statements_covered": 100.0, "percent_statements_covered_display": "100"}, "missing_lines": [], "excluded_lines": [], "start_line": 58}, "Agent.request": {"executed_lines": [113], "summary": {"covered_lines": 1, "num_statements": 57, "percent_covered": 1.7543859649122806, "percent_covered_display": "2", "missing_lines": 56, "excluded_lines": 0, "percent_statements_covered": 1.7543859649122806, "percent_statements_covered_display": "2"}, "missing_lines": [115, 120, 126, 127, 128, 129, 131, 132, 134, 135, 136, 137, 143, 144, 145, 146, 147, 148, 149, 152, 153, 154, 156, 157, 158, 159, 161, 162, 163, 167, 168, 169, 170, 172, 173, 175, 176, 177, 181, 182, 183, 184, 186, 187, 189, 190, 191, 192, 193, 194, 195, 197, 198, 201, 202, 203], "excluded_lines": [], "start_line": 86}, "": {"executed_lines": [1, 2, 3, 5, 6, 8, 10, 11, 12, 13, 16, 18, 21, 22, 29, 51, 58, 86, 207], "summary": {"covered_lines": 19, "num_statements": 19, "percent_covered": 100.0, "percent_covered_display": "100", "missing_lines": 0, "excluded_lines": 0, "percent_statements_covered": 100.0, "percent_statements_covered_display": "100"}, "missing_lines": [], "excluded_lines": [], "start_line": 1}}, "classes": {"ConfigurationError": {"executed_lines": [], "summary": {"covered_lines": 0, "num_statements": 0, "percent_covered": 100.0, "percent_covered_display": "100", "missing_lines": 0, "excluded_lines": 0, "percent_statements_covered": 100.0, "percent_statements_covered_display": "100"}, "missing_lines": [], "excluded_lines": [], "start_line": 16}, "Agent": {"executed_lines": [23, 24, 25, 26, 27, 40, 41, 43, 44, 46, 47, 48, 49, 53, 54, 73, 75, 76, 77, 78, 82, 83, 84, 113], "summary": {"covered_lines": 24, "num_statements": 80, "percent_covered": 30.0, "percent_covered_display": "30", "missing_lines": 56, "excluded_lines": 0, "percent_statements_covered": 30.0, "percent_statements_covered_display": "30"}, "missing_lines": [115, 120, 126, 127, 128, 129, 131, 132, 134, 135, 136, 137, 143, 144, 145, 146, 147, 148, 149, 152, 153, 154, 156, 157, 158, 159, 161, 162, 163, 167, 168, 169, 170, 172, 173, 175, 176, 177, 181, 182, 183, 184, 186, 187, 189, 190, 191, 192, 193, 194, 195, 197, 198, 201, 202, 203], "excluded_lines": [], "start_line": 21}, "": {"executed_lines": [1, 2, 3, 5, 6, 8, 10, 11, 12, 13, 16, 18, 21, 22, 29, 51, 58, 86, 207], "summary": {"covered_lines": 19, "num_statements": 19, "percent_covered": 100.0, "percent_covered_display": "100", "missing_lines": 0, "excluded_lines": 0, "percent_statements_covered": 100.0, "percent_statements_covered_display": "100"}, "missing_lines": [], "excluded_lines": [], "start_line": 1}}}, "src\\core\\ai_service.py": {"executed_lines": [3, 4, 6, 7, 8, 9, 11, 14, 24, 25, 26, 27, 29, 31, 45, 46, 47, 50, 51, 55, 82, 83, 85, 87, 88, 90, 92, 103, 107, 110, 112, 136, 195, 234], "summary": {"covered_lines": 34, "num_statements": 99, "percent_covered": 34.343434343434346, "percent_covered_display": "34", "missing_lines": 65, "excluded_lines": 0, "percent_statements_covered": 34.343434343434346, "percent_statements_covered_display": "34"}, "missing_lines": [32, 33, 36, 37, 43, 60, 61, 62, 65, 66, 70, 72, 73, 74, 75, 78, 79, 80, 104, 105, 108, 126, 127, 128, 130, 131, 134, 157, 159, 160, 161, 163, 164, 166, 167, 168, 174, 176, 177, 178, 179, 180, 181, 188, 190, 191, 193, 199, 200, 202, 203, 204, 206, 212, 213, 215, 216, 221, 222, 223, 225, 226, 228, 229, 230], "excluded_lines": [], "functions": {"AIService.__init__": {"executed_lines": [25, 26, 27], "summary": {"covered_lines": 3, "num_statements": 3, "percent_covered": 100.0, "percent_covered_display": "100", "missing_lines": 0, "excluded_lines": 0, "percent_statements_covered": 100.0, "percent_statements_covered_display": "100"}, "missing_lines": [], "excluded_lines": [], "start_line": 24}, "AIService._configure": {"executed_lines": [31, 45, 46, 47, 50, 51, 55], "summary": {"covered_lines": 7, "num_statements": 25, "percent_covered": 28.0, "percent_covered_display": "28", "missing_lines": 18, "excluded_lines": 0, "percent_statements_covered": 28.0, "percent_statements_covered_display": "28"}, "missing_lines": [32, 33, 36, 37, 43, 60, 61, 62, 65, 66, 70, 72, 73, 74, 75, 78, 79, 80], "excluded_lines": [], "start_line": 29}, "AIService.provider": {"executed_lines": [85], "summary": {"covered_lines": 1, "num_statements": 1, "percent_covered": 100.0, "percent_covered_display": "100", "missing_lines": 0, "excluded_lines": 0, "percent_statements_covered": 100.0, "percent_statements_covered_display": "100"}, "missing_lines": [], "excluded_lines": [], "start_line": 83}, "AIService.is_configured": {"executed_lines": [90], "summary": {"covered_lines": 1, "num_statements": 1, "percent_covered": 100.0, "percent_covered_display": "100", "missing_lines": 0, "excluded_lines": 0, "percent_statements_covered": 100.0, "percent_statements_covered_display": "100"}, "missing_lines": [], "excluded_lines": [], "start_line": 88}, "AIService.invoke": {"executed_lines": [103, 107, 110], "summary": {"covered_lines": 3, "num_statements": 6, "percent_covered": 50.0, "percent_covered_display": "50", "missing_lines": 3, "excluded_lines": 0, "percent_statements_covered": 50.0, "percent_statements_covered_display": "50"}, "missing_lines": [104, 105, 108], "excluded_lines": [], "start_line": 92}, "AIService._invoke_once": {"executed_lines": [], "summary": {"covered_lines": 0, "num_statements": 6, "percent_covered": 0.0, "percent_covered_display": "0", "missing_lines": 6, "excluded_lines": 0, "percent_statements_covered": 0.0, "percent_statements_covered_display": "0"}, "missing_lines": [126, 127, 128, 130, 131, 134], "excluded_lines": [], "start_line": 112}, "AIService.invoke_with_retry": {"executed_lines": [], "summary": {"covered_lines": 0, "num_statements": 20, "percent_covered": 0.0, "percent_covered_display": "0", "missing_lines": 20, "excluded_lines": 0, "percent_statements_covered": 0.0, "percent_statements_covered_display": "0"}, "missing_lines": [157, 159, 160, 161, 163, 164, 166, 167, 168, 174, 176, 177, 178, 179, 180, 181, 188, 190, 191, 193], "excluded_lines": [], "start_line": 136}, "AIService._invoke_ollama": {"executed_lines": [], "summary": {"covered_lines": 0, "num_statements": 18, "percent_covered": 0.0, "percent_covered_display": "0", "missing_lines": 18, "excluded_lines": 0, "percent_statements_covered": 0.0, "percent_statements_covered_display": "0"}, "missing_lines": [199, 200, 202, 203, 204, 206, 212, 213, 215, 216, 221, 222, 223, 225, 226, 228, 229, 230], "excluded_lines": [], "start_line": 195}, "": {"executed_lines": [3, 4, 6, 7, 8, 9, 11, 14, 24, 29, 82, 83, 87, 88, 92, 112, 136, 195, 234], "summary": {"covered_lines": 19, "num_statements": 19, "percent_covered": 100.0, "percent_covered_display": "100", "missing_lines": 0, "excluded_lines": 0, "percent_statements_covered": 100.0, "percent_statements_covered_display": "100"}, "missing_lines": [], "excluded_lines": [], "start_line": 1}}, "classes": {"AIService": {"executed_lines": [25, 26, 27, 31, 45, 46, 47, 50, 51, 55, 85, 90, 103, 107, 110], "summary": {"covered_lines": 15, "num_statements": 80, "percent_covered": 18.75, "percent_covered_display": "19", "missing_lines": 65, "excluded_lines": 0, "percent_statements_covered": 18.75, "percent_statements_covered_display": "19"}, "missing_lines": [32, 33, 36, 37, 43, 60, 61, 62, 65, 66, 70, 72, 73, 74, 75, 78, 79, 80, 104, 105, 108, 126, 127, 128, 130, 131, 134, 157, 159, 160, 161, 163, 164, 166, 167, 168, 174, 176, 177, 178, 179, 180, 181, 188, 190, 191, 193, 199, 200, 202, 203, 204, 206, 212, 213, 215, 216, 221, 222, 223, 225, 226, 228, 229, 230], "excluded_lines": [], "start_line": 14}, "": {"executed_lines": [3, 4, 6, 7, 8, 9, 11, 14, 24, 29, 82, 83, 87, 88, 92, 112, 136, 195, 234], "summary": {"covered_lines": 19, "num_statements": 19, "percent_covered": 100.0, "percent_covered_display": "100", "missing_lines": 0, "excluded_lines": 0, "percent_statements_covered": 100.0, "percent_statements_covered_display": "100"}, "missing_lines": [], "excluded_lines": [], "start_line": 1}}}, "src\\core\\auth.py": {"executed_lines": [3, 4, 6, 7, 9, 11, 13, 16, 20, 21, 22, 51], "summary": {"covered_lines": 12, "num_statements": 30, "percent_covered": 40.0, "percent_covered_display": "40", "missing_lines": 18, "excluded_lines": 0, "percent_statements_covered": 40.0, "percent_statements_covered_display": "40"}, "missing_lines": [24, 25, 28, 33, 34, 40, 41, 42, 48, 55, 56, 58, 59, 61, 62, 64, 65, 67], "excluded_lines": [], "functions": {"get_api_key": {"executed_lines": [20, 21, 22], "summary": {"covered_lines": 3, "num_statements": 12, "percent_covered": 25.0, "percent_covered_display": "25", "missing_lines": 9, "excluded_lines": 0, "percent_statements_covered": 25.0, "percent_statements_covered_display": "25"}, "missing_lines": [24, 25, 28, 33, 34, 40, 41, 42, 48], "excluded_lines": [], "start_line": 16}, "optional_auth": {"executed_lines": [], "summary": {"covered_lines": 0, "num_statements": 9, "percent_covered": 0.0, "percent_covered_display": "0", "missing_lines": 9, "excluded_lines": 0, "percent_statements_covered": 0.0, "percent_statements_covered_display": "0"}, "missing_lines": [55, 56, 58, 59, 61, 62, 64, 65, 67], "excluded_lines": [], "start_line": 51}, "": {"executed_lines": [3, 4, 6, 7, 9, 11, 13, 16, 51], "summary": {"covered_lines": 9, "num_statements": 9, "percent_covered": 100.0, "percent_covered_display": "100", "missing_lines": 0, "excluded_lines": 0, "percent_statements_covered": 100.0, "percent_statements_covered_display": "100"}, "missing_lines": [], "excluded_lines": [], "start_line": 1}}, "classes": {"": {"executed_lines": [3, 4, 6, 7, 9, 11, 13, 16, 20, 21, 22, 51], "summary": {"covered_lines": 12, "num_statements": 30, "percent_covered": 40.0, "percent_covered_display": "40", "missing_lines": 18, "excluded_lines": 0, "percent_statements_covered": 40.0, "percent_statements_covered_display": "40"}, "missing_lines": [24, 25, 28, 33, 34, 40, 41, 42, 48, 55, 56, 58, 59, 61, 62, 64, 65, 67], "excluded_lines": [], "start_line": 1}}}, "src\\core\\constants.py": {"executed_lines": [13, 16, 19, 26, 29, 36, 39, 42, 45, 52, 55, 58, 65, 74, 83, 94, 97, 100, 107, 117, 120, 132, 133, 140, 143, 146, 153, 154, 155, 156, 157], "summary": {"covered_lines": 31, "num_statements": 31, "percent_covered": 100.0, "percent_covered_display": "100", "missing_lines": 0, "excluded_lines": 0, "percent_statements_covered": 100.0, "percent_statements_covered_display": "100"}, "missing_lines": [], "excluded_lines": [], "functions": {"": {"executed_lines": [13, 16, 19, 26, 29, 36, 39, 42, 45, 52, 55, 58, 65, 74, 83, 94, 97, 100, 107, 117, 120, 132, 133, 140, 143, 146, 153, 154, 155, 156, 157], "summary": {"covered_lines": 31, "num_statements": 31, "percent_covered": 100.0, "percent_covered_display": "100", "missing_lines": 0, "excluded_lines": 0, "percent_statements_covered": 100.0, "percent_statements_covered_display": "100"}, "missing_lines": [], "excluded_lines": [], "start_line": 1}}, "classes": {"": {"executed_lines": [13, 16, 19, 26, 29, 36, 39, 42, 45, 52, 55, 58, 65, 74, 83, 94, 97, 100, 107, 117, 120, 132, 133, 140, 143, 146, 153, 154, 155, 156, 157], "summary": {"covered_lines": 31, "num_statements": 31, "percent_covered": 100.0, "percent_covered_display": "100", "missing_lines": 0, "excluded_lines": 0, "percent_statements_covered": 100.0, "percent_statements_covered_display": "100"}, "missing_lines": [], "excluded_lines": [], "start_line": 1}}}, "src\\core\\gigachat_agent.py": {"executed_lines": [1, 2, 3, 4, 5, 6, 8, 9, 11, 13, 14, 15, 16, 19, 20, 26, 28, 30, 31, 43, 46, 47, 48, 49, 50, 51, 52, 53, 55, 87, 94, 161, 189, 341], "summary": {"covered_lines": 34, "num_statements": 159, "percent_covered": 21.38364779874214, "percent_covered_display": "21", "missing_lines": 125, "excluded_lines": 0, "percent_statements_covered": 21.38364779874214, "percent_statements_covered_display": "21"}, "missing_lines": [34, 35, 36, 37, 74, 75, 77, 78, 80, 81, 82, 83, 84, 85, 89, 90, 104, 107, 108, 109, 112, 113, 115, 121, 125, 127, 128, 129, 135, 136, 137, 138, 140, 141, 142, 144, 145, 148, 149, 151, 152, 154, 155, 156, 157, 158, 159, 176, 178, 179, 180, 181, 185, 186, 187, 211, 213, 214, 216, 217, 219, 222, 228, 229, 231, 234, 235, 237, 243, 244, 245, 251, 252, 253, 256, 257, 258, 260, 261, 262, 264, 265, 278, 279, 280, 281, 283, 284, 285, 287, 288, 290, 291, 292, 293, 295, 296, 297, 301, 302, 303, 304, 306, 307, 309, 310, 311, 315, 316, 317, 318, 320, 321, 323, 324, 325, 326, 327, 328, 329, 331, 332, 335, 336, 337], "excluded_lines": [], "functions": {"GigaChatAgent.__init__": {"executed_lines": [47, 48, 49, 50, 51, 52, 53], "summary": {"covered_lines": 7, "num_statements": 7, "percent_covered": 100.0, "percent_covered_display": "100", "missing_lines": 0, "excluded_lines": 0, "percent_statements_covered": 100.0, "percent_statements_covered_display": "100"}, "missing_lines": [], "excluded_lines": [], "start_line": 46}, "GigaChatAgent.set_config": {"executed_lines": [], "summary": {"covered_lines": 0, "num_statements": 10, "percent_covered": 0.0, "percent_covered_display": "0", "missing_lines": 10, "excluded_lines": 0, "percent_statements_covered": 0.0, "percent_statements_covered_display": "0"}, "missing_lines": [74, 75, 77, 78, 80, 81, 82, 83, 84, 85], "excluded_lines": [], "start_line": 55}, "GigaChatAgent._ensure_configured": {"executed_lines": [], "summary": {"covered_lines": 0, "num_statements": 2, "percent_covered": 0.0, "percent_covered_display": "0", "missing_lines": 2, "excluded_lines": 0, "percent_statements_covered": 0.0, "percent_statements_covered_display": "0"}, "missing_lines": [89, 90], "excluded_lines": [], "start_line": 87}, "GigaChatAgent._get_access_token": {"executed_lines": [], "summary": {"covered_lines": 0, "num_statements": 31, "percent_covered": 0.0, "percent_covered_display": "0", "missing_lines": 31, "excluded_lines": 0, "percent_statements_covered": 0.0, "percent_statements_covered_display": "0"}, "missing_lines": [104, 107, 108, 109, 112, 113, 115, 121, 125, 127, 128, 129, 135, 136, 137, 138, 140, 141, 142, 144, 145, 148, 149, 151, 152, 154, 155, 156, 157, 158, 159], "excluded_lines": [], "start_line": 94}, "GigaChatAgent.invoke": {"executed_lines": [], "summary": {"covered_lines": 0, "num_statements": 8, "percent_covered": 0.0, "percent_covered_display": "0", "missing_lines": 8, "excluded_lines": 0, "percent_statements_covered": 0.0, "percent_statements_covered_display": "0"}, "missing_lines": [176, 178, 179, 180, 181, 185, 186, 187], "excluded_lines": [], "start_line": 161}, "GigaChatAgent.request": {"executed_lines": [], "summary": {"covered_lines": 0, "num_statements": 70, "percent_covered": 0.0, "percent_covered_display": "0", "missing_lines": 70, "excluded_lines": 0, "percent_statements_covered": 0.0, "percent_statements_covered_display": "0"}, "missing_lines": [211, 213, 214, 216, 217, 219, 222, 228, 229, 231, 234, 235, 237, 243, 244, 245, 251, 252, 253, 256, 257, 258, 260, 261, 262, 264, 265, 278, 279, 280, 281, 283, 284, 285, 287, 288, 290, 291, 292, 293, 295, 296, 297, 301, 302, 303, 304, 306, 307, 309, 310, 311, 315, 316, 317, 318, 320, 321, 323, 324, 325, 326, 327, 328, 329, 331, 332, 335, 336, 337], "excluded_lines": [], "start_line": 189}, "": {"executed_lines": [1, 2, 3, 4, 5, 6, 8, 9, 11, 13, 14, 15, 16, 19, 20, 26, 28, 30, 31, 43, 46, 55, 87, 94, 161, 189, 341], "summary": {"covered_lines": 27, "num_statements": 31, "percent_covered": 87.09677419354838, "percent_covered_display": "87", "missing_lines": 4, "excluded_lines": 0, "percent_statements_covered": 87.09677419354838, "percent_statements_covered_display": "87"}, "missing_lines": [34, 35, 36, 37], "excluded_lines": [], "start_line": 1}}, "classes": {"GigaChatAgent": {"executed_lines": [47, 48, 49, 50, 51, 52, 53], "summary": {"covered_lines": 7, "num_statements": 128, "percent_covered": 5.46875, "percent_covered_display": "5", "missing_lines": 121, "excluded_lines": 0, "percent_statements_covered": 5.46875, "percent_statements_covered_display": "5"}, "missing_lines": [74, 75, 77, 78, 80, 81, 82, 83, 84, 85, 89, 90, 104, 107, 108, 109, 112, 113, 115, 121, 125, 127, 128, 129, 135, 136, 137, 138, 140, 141, 142, 144, 145, 148, 149, 151, 152, 154, 155, 156, 157, 158, 159, 176, 178, 179, 180, 181, 185, 186, 187, 211, 213, 214, 216, 217, 219, 222, 228, 229, 231, 234, 235, 237, 243, 244, 245, 251, 252, 253, 256, 257, 258, 260, 261, 262, 264, 265, 278, 279, 280, 281, 283, 284, 285, 287, 288, 290, 291, 292, 293, 295, 296, 297, 301, 302, 303, 304, 306, 307, 309, 310, 311, 315, 316, 317, 318, 320, 321, 323, 324, 325, 326, 327, 328, 329, 331, 332, 335, 336, 337], "excluded_lines": [], "start_line": 43}, "": {"executed_lines": [1, 2, 3, 4, 5, 6, 8, 9, 11, 13, 14, 15, 16, 19, 20, 26, 28, 30, 31, 43, 46, 55, 87, 94, 161, 189, 341], "summary": {"covered_lines": 27, "num_statements": 31, "percent_covered": 87.09677419354838, "percent_covered_display": "87", "missing_lines": 4, "excluded_lines": 0, "percent_statements_covered": 87.09677419354838, "percent_statements_covered_display": "87"}, "missing_lines": [34, 35, 36, 37], "excluded_lines": [], "start_line": 1}}}, "src\\core\\huggingface_agent.py": {"executed_lines": [1, 2, 3, 5, 7, 9, 10, 13, 16, 17, 18, 19, 20, 21, 23, 29, 32, 33, 34, 35, 37, 39, 44, 46, 48, 49, 51, 52, 53, 54, 56, 63, 68, 70, 71, 72, 78, 83, 84, 90, 91, 92, 96], "summary": {"covered_lines": 43, "num_statements": 48, "percent_covered": 89.58333333333333, "percent_covered_display": "90", "missing_lines": 5, "excluded_lines": 0, "percent_statements_covered": 89.58333333333333, "percent_statements_covered_display": "90"}, "missing_lines": [30, 40, 79, 80, 81], "excluded_lines": [], "functions": {"HuggingFaceAgent.__init__": {"executed_lines": [17, 18, 19, 20, 21], "summary": {"covered_lines": 5, "num_statements": 5, "percent_covered": 100.0, "percent_covered_display": "100", "missing_lines": 0, "excluded_lines": 0, "percent_statements_covered": 100.0, "percent_statements_covered_display": "100"}, "missing_lines": [], "excluded_lines": [], "start_line": 16}, "HuggingFaceAgent.set_config": {"executed_lines": [29, 32, 33, 34, 35], "summary": {"covered_lines": 5, "num_statements": 6, "percent_covered": 83.33333333333333, "percent_covered_display": "83", "missing_lines": 1, "excluded_lines": 0, "percent_statements_covered": 83.33333333333333, "percent_statements_covered_display": "83"}, "missing_lines": [30], "excluded_lines": [], "start_line": 23}, "HuggingFaceAgent._ensure_configured": {"executed_lines": [39], "summary": {"covered_lines": 1, "num_statements": 2, "percent_covered": 50.0, "percent_covered_display": "50", "missing_lines": 1, "excluded_lines": 0, "percent_statements_covered": 50.0, "percent_statements_covered_display": "50"}, "missing_lines": [40], "excluded_lines": [], "start_line": 37}, "HuggingFaceAgent.invoke": {"executed_lines": [46, 48, 49, 51, 52, 53, 54, 56, 63, 68, 70, 71, 72, 78, 83, 84, 90, 91, 92], "summary": {"covered_lines": 19, "num_statements": 22, "percent_covered": 86.36363636363636, "percent_covered_display": "86", "missing_lines": 3, "excluded_lines": 0, "percent_statements_covered": 86.36363636363636, "percent_statements_covered_display": "86"}, "missing_lines": [79, 80, 81], "excluded_lines": [], "start_line": 44}, "": {"executed_lines": [1, 2, 3, 5, 7, 9, 10, 13, 16, 23, 37, 44, 96], "summary": {"covered_lines": 13, "num_statements": 13, "percent_covered": 100.0, "percent_covered_display": "100", "missing_lines": 0, "excluded_lines": 0, "percent_statements_covered": 100.0, "percent_statements_covered_display": "100"}, "missing_lines": [], "excluded_lines": [], "start_line": 1}}, "classes": {"HuggingFaceAgent": {"executed_lines": [17, 18, 19, 20, 21, 29, 32, 33, 34, 35, 39, 46, 48, 49, 51, 52, 53, 54, 56, 63, 68, 70, 71, 72, 78, 83, 84, 90, 91, 92], "summary": {"covered_lines": 30, "num_statements": 35, "percent_covered": 85.71428571428571, "percent_covered_display": "86", "missing_lines": 5, "excluded_lines": 0, "percent_statements_covered": 85.71428571428571, "percent_statements_covered_display": "86"}, "missing_lines": [30, 40, 79, 80, 81], "excluded_lines": [], "start_line": 13}, "": {"executed_lines": [1, 2, 3, 5, 7, 9, 10, 13, 16, 23, 37, 44, 96], "summary": {"covered_lines": 13, "num_statements": 13, "percent_covered": 100.0, "percent_covered_display": "100", "missing_lines": 0, "excluded_lines": 0, "percent_statements_covered": 100.0, "percent_statements_covered_display": "100"}, "missing_lines": [], "excluded_lines": [], "start_line": 1}}}, "src\\core\\security.py": {"executed_lines": [8, 9, 12, 50, 88, 100, 103, 106, 107, 108, 109], "summary": {"covered_lines": 11, "num_statements": 33, "percent_covered": 33.333333333333336, "percent_covered_display": "33", "missing_lines": 22, "excluded_lines": 0, "percent_statements_covered": 33.333333333333336, "percent_statements_covered_display": "33"}, "missing_lines": [35, 36, 40, 42, 43, 44, 45, 47, 64, 65, 68, 72, 80, 81, 82, 83, 84, 85, 101, 110, 111, 112], "excluded_lines": [], "functions": {"redact_url": {"executed_lines": [], "summary": {"covered_lines": 0, "num_statements": 8, "percent_covered": 0.0, "percent_covered_display": "0", "missing_lines": 8, "excluded_lines": 0, "percent_statements_covered": 0.0, "percent_statements_covered_display": "0"}, "missing_lines": [35, 36, 40, 42, 43, 44, 45, 47], "excluded_lines": [], "start_line": 12}, "redact_credentials": {"executed_lines": [], "summary": {"covered_lines": 0, "num_statements": 10, "percent_covered": 0.0, "percent_covered_display": "0", "missing_lines": 10, "excluded_lines": 0, "percent_statements_covered": 0.0, "percent_statements_covered_display": "0"}, "missing_lines": [64, 65, 68, 72, 80, 81, 82, 83, 84, 85], "excluded_lines": [], "start_line": 50}, "get_safe_db_url_for_logging": {"executed_lines": [100, 103, 106, 107, 108, 109], "summary": {"covered_lines": 6, "num_statements": 10, "percent_covered": 60.0, "percent_covered_display": "60", "missing_lines": 4, "excluded_lines": 0, "percent_statements_covered": 60.0, "percent_statements_covered_display": "60"}, "missing_lines": [101, 110, 111, 112], "excluded_lines": [], "start_line": 88}, "": {"executed_lines": [8, 9, 12, 50, 88], "summary": {"covered_lines": 5, "num_statements": 5, "percent_covered": 100.0, "percent_covered_display": "100", "missing_lines": 0, "excluded_lines": 0, "percent_statements_covered": 100.0, "percent_statements_covered_display": "100"}, "missing_lines": [], "excluded_lines": [], "start_line": 1}}, "classes": {"": {"executed_lines": [8, 9, 12, 50, 88, 100, 103, 106, 107, 108, 109], "summary": {"covered_lines": 11, "num_statements": 33, "percent_covered": 33.333333333333336, "percent_covered_display": "33", "missing_lines": 22, "excluded_lines": 0, "percent_statements_covered": 33.333333333333336, "percent_statements_covered_display": "33"}, "missing_lines": [35, 36, 40, 42, 43, 44, 45, 47, 64, 65, 68, 72, 80, 81, 82, 83, 84, 85, 101, 110, 111, 112], "excluded_lines": [], "start_line": 1}}}, "src\\db\\__init__.py": {"executed_lines": [], "summary": {"covered_lines": 0, "num_statements": 0, "percent_covered": 100.0, "percent_covered_display": "100", "missing_lines": 0, "excluded_lines": 0, "percent_statements_covered": 100.0, "percent_statements_covered_display": "100"}, "missing_lines": [], "excluded_lines": [], "functions": {"": {"executed_lines": [], "summary": {"covered_lines": 0, "num_statements": 0, "percent_covered": 100.0, "percent_covered_display": "100", "missing_lines": 0, "excluded_lines": 0, "percent_statements_covered": 100.0, "percent_statements_covered_display": "100"}, "missing_lines": [], "excluded_lines": [], "start_line": 1}}, "classes": {"": {"executed_lines": [], "summary": {"covered_lines": 0, "num_statements": 0, "percent_covered": 100.0, "percent_covered_display": "100", "missing_lines": 0, "excluded_lines": 0, "percent_statements_covered": 100.0, "percent_statements_covered_display": "100"}, "missing_lines": [], "excluded_lines": [], "start_line": 1}}}, "src\\db\\crud.py": {"executed_lines": [1, 3, 4, 5, 7, 8, 10, 13, 23, 31, 47, 48, 49, 50, 51, 52, 53, 54, 55, 56, 60, 61, 62, 63, 66, 78, 79, 80, 81, 82, 84, 85, 86, 88, 89, 90, 91, 92, 93, 94, 95, 96, 97, 100, 110, 111, 112, 113, 114, 115, 116, 117], "summary": {"covered_lines": 52, "num_statements": 59, "percent_covered": 88.13559322033899, "percent_covered_display": "88", "missing_lines": 7, "excluded_lines": 0, "percent_statements_covered": 88.13559322033899, "percent_statements_covered_display": "88"}, "missing_lines": [25, 26, 27, 28, 57, 58, 59], "excluded_lines": [], "functions": {"AnalysisAlreadyExistsError.__init__": {"executed_lines": [], "summary": {"covered_lines": 0, "num_statements": 4, "percent_covered": 0.0, "percent_covered_display": "0", "missing_lines": 4, "excluded_lines": 0, "percent_statements_covered": 0.0, "percent_statements_covered_display": "0"}, "missing_lines": [25, 26, 27, 28], "excluded_lines": [], "start_line": 23}, "create_analysis": {"executed_lines": [47, 48, 49, 50, 51, 52, 53, 54, 55, 56, 60, 61, 62, 63], "summary": {"covered_lines": 14, "num_statements": 17, "percent_covered": 82.3529411764706, "percent_covered_display": "82", "missing_lines": 3, "excluded_lines": 0, "percent_statements_covered": 82.3529411764706, "percent_statements_covered_display": "82"}, "missing_lines": [57, 58, 59], "excluded_lines": [], "start_line": 31}, "update_analysis": {"executed_lines": [78, 79, 80, 81, 82, 84, 85, 86, 88, 89, 90, 91, 92, 93, 94, 95, 96, 97], "summary": {"covered_lines": 18, "num_statements": 18, "percent_covered": 100.0, "percent_covered_display": "100", "missing_lines": 0, "excluded_lines": 0, "percent_statements_covered": 100.0, "percent_statements_covered_display": "100"}, "missing_lines": [], "excluded_lines": [], "start_line": 66}, "get_analysis": {"executed_lines": [110, 111, 112, 113, 114, 115, 116, 117], "summary": {"covered_lines": 8, "num_statements": 8, "percent_covered": 100.0, "percent_covered_display": "100", "missing_lines": 0, "excluded_lines": 0, "percent_statements_covered": 100.0, "percent_statements_covered_display": "100"}, "missing_lines": [], "excluded_lines": [], "start_line": 100}, "": {"executed_lines": [1, 3, 4, 5, 7, 8, 10, 13, 23, 31, 66, 100], "summary": {"covered_lines": 12, "num_statements": 12, "percent_covered": 100.0, "percent_covered_display": "100", "missing_lines": 0, "excluded_lines": 0, "percent_statements_covered": 100.0, "percent_statements_covered_display": "100"}, "missing_lines": [], "excluded_lines": [], "start_line": 1}}, "classes": {"AnalysisAlreadyExistsError": {"executed_lines": [], "summary": {"covered_lines": 0, "num_statements": 4, "percent_covered": 0.0, "percent_covered_display": "0", "missing_lines": 4, "excluded_lines": 0, "percent_statements_covered": 0.0, "percent_statements_covered_display": "0"}, "missing_lines": [25, 26, 27, 28], "excluded_lines": [], "start_line": 13}, "": {"executed_lines": [1, 3, 4, 5, 7, 8, 10, 13, 23, 31, 47, 48, 49, 50, 51, 52, 53, 54, 55, 56, 60, 61, 62, 63, 66, 78, 79, 80, 81, 82, 84, 85, 86, 88, 89, 90, 91, 92, 93, 94, 95, 96, 97, 100, 110, 111, 112, 113, 114, 115, 116, 117], "summary": {"covered_lines": 52, "num_statements": 55, "percent_covered": 94.54545454545455, "percent_covered_display": "95", "missing_lines": 3, "excluded_lines": 0, "percent_statements_covered": 94.54545454545455, "percent_statements_covered_display": "95"}, "missing_lines": [57, 58, 59], "excluded_lines": [], "start_line": 1}}}, "src\\db\\database.py": {"executed_lines": [1, 3, 4, 5, 7, 8, 10, 15, 18, 19, 20, 23, 26, 40, 42, 43, 45, 53, 54, 55, 60, 61, 62, 63, 64, 67, 70, 74, 77, 81, 86, 90, 101, 106, 107, 124, 127, 133, 135, 138, 150, 151, 153, 156, 159, 169, 170, 171, 172, 173, 174, 175, 178, 185, 186, 187, 188, 189], "summary": {"covered_lines": 58, "num_statements": 72, "percent_covered": 80.55555555555556, "percent_covered_display": "81", "missing_lines": 14, "excluded_lines": 0, "percent_statements_covered": 80.55555555555556, "percent_statements_covered_display": "81"}, "missing_lines": [46, 68, 69, 71, 72, 75, 76, 78, 79, 109, 113, 118, 123, 154], "excluded_lines": [], "functions": {"get_engine": {"executed_lines": [40, 42, 43, 45, 53, 54, 55, 60, 61, 62, 63, 64, 67, 70, 74, 77, 81, 86, 90, 101, 106, 107, 124, 127, 133, 135], "summary": {"covered_lines": 26, "num_statements": 39, "percent_covered": 66.66666666666667, "percent_covered_display": "67", "missing_lines": 13, "excluded_lines": 0, "percent_statements_covered": 66.66666666666667, "percent_statements_covered_display": "67"}, "missing_lines": [46, 68, 69, 71, 72, 75, 76, 78, 79, 109, 113, 118, 123], "excluded_lines": [], "start_line": 26}, "get_session_maker": {"executed_lines": [150, 151, 153, 156], "summary": {"covered_lines": 4, "num_statements": 5, "percent_covered": 80.0, "percent_covered_display": "80", "missing_lines": 1, "excluded_lines": 0, "percent_statements_covered": 80.0, "percent_statements_covered_display": "80"}, "missing_lines": [154], "excluded_lines": [], "start_line": 138}, "get_session": {"executed_lines": [169, 170, 171, 172, 173, 174, 175], "summary": {"covered_lines": 7, "num_statements": 7, "percent_covered": 100.0, "percent_covered_display": "100", "missing_lines": 0, "excluded_lines": 0, "percent_statements_covered": 100.0, "percent_statements_covered_display": "100"}, "missing_lines": [], "excluded_lines": [], "start_line": 159}, "dispose_engine": {"executed_lines": [185, 186, 187, 188, 189], "summary": {"covered_lines": 5, "num_statements": 5, "percent_covered": 100.0, "percent_covered_display": "100", "missing_lines": 0, "excluded_lines": 0, "percent_statements_covered": 100.0, "percent_statements_covered_display": "100"}, "missing_lines": [], "excluded_lines": [], "start_line": 178}, "": {"executed_lines": [1, 3, 4, 5, 7, 8, 10, 15, 18, 19, 20, 23, 26, 138, 159, 178], "summary": {"covered_lines": 16, "num_statements": 16, "percent_covered": 100.0, "percent_covered_display": "100", "missing_lines": 0, "excluded_lines": 0, "percent_statements_covered": 100.0, "percent_statements_covered_display": "100"}, "missing_lines": [], "excluded_lines": [], "start_line": 1}}, "classes": {"": {"executed_lines": [1, 3, 4, 5, 7, 8, 10, 15, 18, 19, 20, 23, 26, 40, 42, 43, 45, 53, 54, 55, 60, 61, 62, 63, 64, 67, 70, 74, 77, 81, 86, 90, 101, 106, 107, 124, 127, 133, 135, 138, 150, 151, 153, 156, 159, 169, 170, 171, 172, 173, 174, 175, 178, 185, 186, 187, 188, 189], "summary": {"covered_lines": 58, "num_statements": 72, "percent_covered": 80.55555555555556, "percent_covered_display": "81", "missing_lines": 14, "excluded_lines": 0, "percent_statements_covered": 80.55555555555556, "percent_statements_covered_display": "81"}, "missing_lines": [46, 68, 69, 71, 72, 75, 76, 78, 79, 109, 113, 118, 123, 154], "excluded_lines": [], "start_line": 1}}}, "src\\db\\models.py": {"executed_lines": [1, 3, 5, 6, 7, 9, 12, 13, 15, 16, 17, 18, 19], "summary": {"covered_lines": 13, "num_statements": 13, "percent_covered": 100.0, "percent_covered_display": "100", "missing_lines": 0, "excluded_lines": 0, "percent_statements_covered": 100.0, "percent_statements_covered_display": "100"}, "missing_lines": [], "excluded_lines": [], "functions": {"": {"executed_lines": [1, 3, 5, 6, 7, 9, 12, 13, 15, 16, 17, 18, 19], "summary": {"covered_lines": 13, "num_statements": 13, "percent_covered": 100.0, "percent_covered_display": "100", "missing_lines": 0, "excluded_lines": 0, "percent_statements_covered": 100.0, "percent_statements_covered_display": "100"}, "missing_lines": [], "excluded_lines": [], "start_line": 1}}, "classes": {"Analysis": {"executed_lines": [], "summary": {"covered_lines": 0, "num_statements": 0, "percent_covered": 100.0, "percent_covered_display": "100", "missing_lines": 0, "excluded_lines": 0, "percent_statements_covered": 100.0, "percent_statements_covered_display": "100"}, "missing_lines": [], "excluded_lines": [], "start_line": 12}, "": {"executed_lines": [1, 3, 5, 6, 7, 9, 12, 13, 15, 16, 17, 18, 19], "summary": {"covered_lines": 13, "num_statements": 13, "percent_covered": 100.0, "percent_covered_display": "100", "missing_lines": 0, "excluded_lines": 0, "percent_statements_covered": 100.0, "percent_statements_covered_display": "100"}, "missing_lines": [], "excluded_lines": [], "start_line": 1}}}, "src\\models\\requests.py": {"executed_lines": [1, 4, 5], "summary": {"covered_lines": 3, "num_statements": 3, "percent_covered": 100.0, "percent_covered_display": "100", "missing_lines": 0, "excluded_lines": 0, "percent_statements_covered": 100.0, "percent_statements_covered_display": "100"}, "missing_lines": [], "excluded_lines": [], "functions": {"": {"executed_lines": [1, 4, 5], "summary": {"covered_lines": 3, "num_statements": 3, "percent_covered": 100.0, "percent_covered_display": "100", "missing_lines": 0, "excluded_lines": 0, "percent_statements_covered": 100.0, "percent_statements_covered_display": "100"}, "missing_lines": [], "excluded_lines": [], "start_line": 1}}, "classes": {"AnalyzePdfRequest": {"executed_lines": [], "summary": {"covered_lines": 0, "num_statements": 0, "percent_covered": 100.0, "percent_covered_display": "100", "missing_lines": 0, "excluded_lines": 0, "percent_statements_covered": 100.0, "percent_statements_covered_display": "100"}, "missing_lines": [], "excluded_lines": [], "start_line": 4}, "": {"executed_lines": [1, 4, 5], "summary": {"covered_lines": 3, "num_statements": 3, "percent_covered": 100.0, "percent_covered_display": "100", "missing_lines": 0, "excluded_lines": 0, "percent_statements_covered": 100.0, "percent_statements_covered_display": "100"}, "missing_lines": [], "excluded_lines": [], "start_line": 1}}}, "src\\models\\settings.py": {"executed_lines": [1, 2, 3, 4, 6, 7, 9, 10, 13, 15, 18, 22, 25, 30, 33, 36, 41, 48, 53, 58, 61, 68, 75, 80, 84, 86, 93, 94, 96, 97, 98, 99, 100, 101, 102, 104, 105, 106, 108, 111, 112, 117, 119, 120, 121, 123, 125, 126, 127, 130, 132, 133, 134, 136, 138, 139, 140, 143, 145, 146, 149, 151, 152, 154, 156, 157, 158, 163, 166, 167, 177, 178, 182, 183, 185, 187, 188, 192, 195, 196], "summary": {"covered_lines": 80, "num_statements": 104, "percent_covered": 76.92307692307692, "percent_covered_display": "77", "missing_lines": 24, "excluded_lines": 0, "percent_statements_covered": 76.92307692307692, "percent_statements_covered_display": "77"}, "missing_lines": [109, 113, 116, 124, 128, 129, 137, 141, 142, 155, 164, 169, 170, 171, 172, 173, 174, 175, 180, 186, 191, 197, 198, 199], "excluded_lines": [], "functions": {"AppSettings.validate_urls": {"executed_lines": [96, 97, 98, 99, 100, 101, 102], "summary": {"covered_lines": 7, "num_statements": 7, "percent_covered": 100.0, "percent_covered_display": "100", "missing_lines": 0, "excluded_lines": 0, "percent_statements_covered": 100.0, "percent_statements_covered_display": "100"}, "missing_lines": [], "excluded_lines": [], "start_line": 94}, "AppSettings.validate_rate_limit": {"executed_lines": [108, 111, 112, 117], "summary": {"covered_lines": 4, "num_statements": 7, "percent_covered": 57.142857142857146, "percent_covered_display": "57", "missing_lines": 3, "excluded_lines": 0, "percent_statements_covered": 57.142857142857146, "percent_statements_covered_display": "57"}, "missing_lines": [109, 113, 116], "excluded_lines": [], "start_line": 106}, "AppSettings.validate_log_level": {"executed_lines": [123, 125, 126, 127, 130], "summary": {"covered_lines": 5, "num_statements": 8, "percent_covered": 62.5, "percent_covered_display": "62", "missing_lines": 3, "excluded_lines": 0, "percent_statements_covered": 62.5, "percent_statements_covered_display": "62"}, "missing_lines": [124, 128, 129], "excluded_lines": [], "start_line": 121}, "AppSettings.validate_log_format": {"executed_lines": [136, 138, 139, 140, 143], "summary": {"covered_lines": 5, "num_statements": 8, "percent_covered": 62.5, "percent_covered_display": "62", "missing_lines": 3, "excluded_lines": 0, "percent_statements_covered": 62.5, "percent_statements_covered_display": "62"}, "missing_lines": [137, 141, 142], "excluded_lines": [], "start_line": 134}, "AppSettings.validate_all": {"executed_lines": [149], "summary": {"covered_lines": 1, "num_statements": 1, "percent_covered": 100.0, "percent_covered_display": "100", "missing_lines": 0, "excluded_lines": 0, "percent_statements_covered": 100.0, "percent_statements_covered_display": "100"}, "missing_lines": [], "excluded_lines": [], "start_line": 146}, "AppSettings.use_gigachat": {"executed_lines": [154, 156, 157, 158, 163], "summary": {"covered_lines": 5, "num_statements": 7, "percent_covered": 71.42857142857143, "percent_covered_display": "71", "missing_lines": 2, "excluded_lines": 0, "percent_statements_covered": 71.42857142857143, "percent_statements_covered_display": "71"}, "missing_lines": [155, 164], "excluded_lines": [], "start_line": 152}, "AppSettings.use_qwen": {"executed_lines": [], "summary": {"covered_lines": 0, "num_statements": 7, "percent_covered": 0.0, "percent_covered_display": "0", "missing_lines": 7, "excluded_lines": 0, "percent_statements_covered": 0.0, "percent_statements_covered_display": "0"}, "missing_lines": [169, 170, 171, 172, 173, 174, 175], "excluded_lines": [], "start_line": 167}, "AppSettings.use_local_llm": {"executed_lines": [], "summary": {"covered_lines": 0, "num_statements": 1, "percent_covered": 0.0, "percent_covered_display": "0", "missing_lines": 1, "excluded_lines": 0, "percent_statements_covered": 0.0, "percent_statements_covered_display": "0"}, "missing_lines": [180], "excluded_lines": [], "start_line": 178}, "AppSettings.use_huggingface": {"executed_lines": [185, 187, 188, 192], "summary": {"covered_lines": 4, "num_statements": 6, "percent_covered": 66.66666666666667, "percent_covered_display": "67", "missing_lines": 2, "excluded_lines": 0, "percent_statements_covered": 66.66666666666667, "percent_statements_covered_display": "67"}, "missing_lines": [186, 191], "excluded_lines": [], "start_line": 183}, "": {"executed_lines": [1, 2, 3, 4, 6, 7, 9, 10, 13, 15, 18, 22, 25, 30, 33, 36, 41, 48, 53, 58, 61, 68, 75, 80, 84, 86, 93, 94, 104, 105, 106, 119, 120, 121, 132, 133, 134, 145, 146, 151, 152, 166, 167, 177, 178, 182, 183, 195, 196], "summary": {"covered_lines": 49, "num_statements": 52, "percent_covered": 94.23076923076923, "percent_covered_display": "94", "missing_lines": 3, "excluded_lines": 0, "percent_statements_covered": 94.23076923076923, "percent_statements_covered_display": "94"}, "missing_lines": [197, 198, 199], "excluded_lines": [], "start_line": 1}}, "classes": {"AppSettings": {"executed_lines": [96, 97, 98, 99, 100, 101, 102, 108, 111, 112, 117, 123, 125, 126, 127, 130, 136, 138, 139, 140, 143, 149, 154, 156, 157, 158, 163, 185, 187, 188, 192], "summary": {"covered_lines": 31, "num_statements": 52, "percent_covered": 59.61538461538461, "percent_covered_display": "60", "missing_lines": 21, "excluded_lines": 0, "percent_statements_covered": 59.61538461538461, "percent_statements_covered_display": "60"}, "missing_lines": [109, 113, 116, 124, 128, 129, 137, 141, 142, 155, 164, 169, 170, 171, 172, 173, 174, 175, 180, 186, 191], "excluded_lines": [], "start_line": 13}, "": {"executed_lines": [1, 2, 3, 4, 6, 7, 9, 10, 13, 15, 18, 22, 25, 30, 33, 36, 41, 48, 53, 58, 61, 68, 75, 80, 84, 86, 93, 94, 104, 105, 106, 119, 120, 121, 132, 133, 134, 145, 146, 151, 152, 166, 167, 177, 178, 182, 183, 195, 196], "summary": {"covered_lines": 49, "num_statements": 52, "percent_covered": 94.23076923076923, "percent_covered_display": "94", "missing_lines": 3, "excluded_lines": 0, "percent_statements_covered": 94.23076923076923, "percent_statements_covered_display": "94"}, "missing_lines": [197, 198, 199], "excluded_lines": [], "start_line": 1}}}, "src\\routers\\analyze.py": {"executed_lines": [1, 2, 3, 4, 6, 8, 9, 10, 11, 13, 14, 20, 22, 24, 27, 42, 44, 46, 47, 48, 50, 51, 52, 53, 55, 58, 59, 65, 66, 67, 68, 70, 73, 74, 77, 78, 80, 81, 82, 89, 90, 95, 96, 98, 99, 101, 104, 106, 107, 108, 109, 110, 113, 114, 115, 120, 121, 126, 128, 130, 131, 133, 134, 139, 140, 142, 143, 144, 145, 146, 148, 149, 150, 152, 153, 154], "summary": {"covered_lines": 76, "num_statements": 84, "percent_covered": 90.47619047619048, "percent_covered_display": "90", "missing_lines": 8, "excluded_lines": 0, "percent_statements_covered": 90.47619047619048, "percent_statements_covered_display": "90"}, "missing_lines": [23, 83, 84, 85, 86, 116, 117, 151], "excluded_lines": [], "functions": {"_validate_pdf_content": {"executed_lines": [22, 24], "summary": {"covered_lines": 2, "num_statements": 3, "percent_covered": 66.66666666666667, "percent_covered_display": "67", "missing_lines": 1, "excluded_lines": 0, "percent_statements_covered": 66.66666666666667, "percent_statements_covered_display": "67"}, "missing_lines": [23], "excluded_lines": [], "start_line": 20}, "_read_and_validate_stream": {"executed_lines": [42, 44, 46, 47, 48, 50, 51, 52, 53, 55, 58, 59, 65, 66, 67, 68, 70, 73, 74, 77, 78, 80, 81, 82], "summary": {"covered_lines": 24, "num_statements": 28, "percent_covered": 85.71428571428571, "percent_covered_display": "86", "missing_lines": 4, "excluded_lines": 0, "percent_statements_covered": 85.71428571428571, "percent_statements_covered_display": "86"}, "missing_lines": [83, 84, 85, 86], "excluded_lines": [], "start_line": 27}, "post_analyze_pdf_file": {"executed_lines": [95, 96, 98, 99, 101, 104, 106, 107, 108, 109, 110, 113, 114, 115], "summary": {"covered_lines": 14, "num_statements": 16, "percent_covered": 87.5, "percent_covered_display": "88", "missing_lines": 2, "excluded_lines": 0, "percent_statements_covered": 87.5, "percent_statements_covered_display": "88"}, "missing_lines": [116, 117], "excluded_lines": [], "start_line": 90}, "post_analyze_pdf_base64": {"executed_lines": [126, 128, 130, 131, 133, 134, 139, 140, 142, 143, 144, 145, 146, 148, 149, 150, 152, 153, 154], "summary": {"covered_lines": 19, "num_statements": 20, "percent_covered": 95.0, "percent_covered_display": "95", "missing_lines": 1, "excluded_lines": 0, "percent_statements_covered": 95.0, "percent_statements_covered_display": "95"}, "missing_lines": [151], "excluded_lines": [], "start_line": 121}, "": {"executed_lines": [1, 2, 3, 4, 6, 8, 9, 10, 11, 13, 14, 20, 27, 89, 90, 120, 121], "summary": {"covered_lines": 17, "num_statements": 17, "percent_covered": 100.0, "percent_covered_display": "100", "missing_lines": 0, "excluded_lines": 0, "percent_statements_covered": 100.0, "percent_statements_covered_display": "100"}, "missing_lines": [], "excluded_lines": [], "start_line": 1}}, "classes": {"": {"executed_lines": [1, 2, 3, 4, 6, 8, 9, 10, 11, 13, 14, 20, 22, 24, 27, 42, 44, 46, 47, 48, 50, 51, 52, 53, 55, 58, 59, 65, 66, 67, 68, 70, 73, 74, 77, 78, 80, 81, 82, 89, 90, 95, 96, 98, 99, 101, 104, 106, 107, 108, 109, 110, 113, 114, 115, 120, 121, 126, 128, 130, 131, 133, 134, 139, 140, 142, 143, 144, 145, 146, 148, 149, 150, 152, 153, 154], "summary": {"covered_lines": 76, "num_statements": 84, "percent_covered": 90.47619047619048, "percent_covered_display": "90", "missing_lines": 8, "excluded_lines": 0, "percent_statements_covered": 90.47619047619048, "percent_statements_covered_display": "90"}, "missing_lines": [23, 83, 84, 85, 86, 116, 117, 151], "excluded_lines": [], "start_line": 1}}}, "src\\routers\\pdf_tasks.py": {"executed_lines": [1, 2, 3, 4, 5, 6, 8, 10, 11, 12, 13, 15, 17, 20, 22, 23, 24, 27, 34, 35, 36, 37, 38, 41, 42, 45, 46, 52, 53, 55, 56, 58, 60, 61, 63, 64, 67, 68, 71, 73, 74, 77, 78, 80, 81, 82, 83, 85, 88, 90, 91, 92, 97, 99, 100, 101, 103, 105, 106, 107, 111, 113, 114, 115, 117, 118, 119, 120, 122, 123, 125, 127, 128, 129, 130, 131, 133, 134, 137, 138, 141, 142, 147, 148, 149, 150, 151, 152, 153], "summary": {"covered_lines": 89, "num_statements": 94, "percent_covered": 94.68085106382979, "percent_covered_display": "95", "missing_lines": 5, "excluded_lines": 0, "percent_statements_covered": 94.68085106382979, "percent_statements_covered_display": "95"}, "missing_lines": [40, 108, 110, 112, 124], "excluded_lines": [], "functions": {"_validate_pdf_file": {"executed_lines": [22, 23, 24], "summary": {"covered_lines": 3, "num_statements": 3, "percent_covered": 100.0, "percent_covered_display": "100", "missing_lines": 0, "excluded_lines": 0, "percent_statements_covered": 100.0, "percent_statements_covered_display": "100"}, "missing_lines": [], "excluded_lines": [], "start_line": 20}, "_cleanup_temp_file": {"executed_lines": [34, 35, 36, 37, 38, 41, 42], "summary": {"covered_lines": 7, "num_statements": 8, "percent_covered": 87.5, "percent_covered_display": "88", "missing_lines": 1, "excluded_lines": 0, "percent_statements_covered": 87.5, "percent_statements_covered_display": "88"}, "missing_lines": [40], "excluded_lines": [], "start_line": 27}, "upload_pdf": {"executed_lines": [52, 53, 55, 56, 58, 60, 61, 63, 64, 67, 68, 71, 73, 74, 77, 78, 80, 81, 82, 83, 85, 88, 90, 91, 92, 97, 99, 100, 101, 103, 105, 106, 107, 111, 113, 114, 115, 117, 118, 119, 120, 122, 123, 125, 127, 128, 129, 130, 131, 133, 134, 137, 138], "summary": {"covered_lines": 53, "num_statements": 57, "percent_covered": 92.98245614035088, "percent_covered_display": "93", "missing_lines": 4, "excluded_lines": 0, "percent_statements_covered": 92.98245614035088, "percent_statements_covered_display": "93"}, "missing_lines": [108, 110, 112, 124], "excluded_lines": [], "start_line": 46}, "get_result": {"executed_lines": [147, 148, 149, 150, 151, 152, 153], "summary": {"covered_lines": 7, "num_statements": 7, "percent_covered": 100.0, "percent_covered_display": "100", "missing_lines": 0, "excluded_lines": 0, "percent_statements_covered": 100.0, "percent_statements_covered_display": "100"}, "missing_lines": [], "excluded_lines": [], "start_line": 142}, "": {"executed_lines": [1, 2, 3, 4, 5, 6, 8, 10, 11, 12, 13, 15, 17, 20, 27, 45, 46, 141, 142], "summary": {"covered_lines": 19, "num_statements": 19, "percent_covered": 100.0, "percent_covered_display": "100", "missing_lines": 0, "excluded_lines": 0, "percent_statements_covered": 100.0, "percent_statements_covered_display": "100"}, "missing_lines": [], "excluded_lines": [], "start_line": 1}}, "classes": {"": {"executed_lines": [1, 2, 3, 4, 5, 6, 8, 10, 11, 12, 13, 15, 17, 20, 22, 23, 24, 27, 34, 35, 36, 37, 38, 41, 42, 45, 46, 52, 53, 55, 56, 58, 60, 61, 63, 64, 67, 68, 71, 73, 74, 77, 78, 80, 81, 82, 83, 85, 88, 90, 91, 92, 97, 99, 100, 101, 103, 105, 106, 107, 111, 113, 114, 115, 117, 118, 119, 120, 122, 123, 125, 127, 128, 129, 130, 131, 133, 134, 137, 138, 141, 142, 147, 148, 149, 150, 151, 152, 153], "summary": {"covered_lines": 89, "num_statements": 94, "percent_covered": 94.68085106382979, "percent_covered_display": "95", "missing_lines": 5, "excluded_lines": 0, "percent_statements_covered": 94.68085106382979, "percent_statements_covered_display": "95"}, "missing_lines": [40, 108, 110, 112, 124], "excluded_lines": [], "start_line": 1}}}, "src\\routers\\system.py": {"executed_lines": [1, 2, 4, 5, 7, 8, 10, 12, 15, 16, 21, 22, 59, 60], "summary": {"covered_lines": 14, "num_statements": 37, "percent_covered": 37.83783783783784, "percent_covered_display": "38", "missing_lines": 23, "excluded_lines": 0, "percent_statements_covered": 37.83783783783784, "percent_statements_covered_display": "38"}, "missing_lines": [18, 29, 39, 40, 42, 43, 44, 45, 46, 47, 48, 51, 52, 54, 56, 71, 72, 74, 75, 76, 77, 78, 83], "excluded_lines": [], "functions": {"health_check": {"executed_lines": [], "summary": {"covered_lines": 0, "num_statements": 1, "percent_covered": 0.0, "percent_covered_display": "0", "missing_lines": 1, "excluded_lines": 0, "percent_statements_covered": 0.0, "percent_statements_covered_display": "0"}, "missing_lines": [18], "excluded_lines": [], "start_line": 16}, "healthz_check": {"executed_lines": [], "summary": {"covered_lines": 0, "num_statements": 14, "percent_covered": 0.0, "percent_covered_display": "0", "missing_lines": 14, "excluded_lines": 0, "percent_statements_covered": 0.0, "percent_statements_covered_display": "0"}, "missing_lines": [29, 39, 40, 42, 43, 44, 45, 46, 47, 48, 51, 52, 54, 56], "excluded_lines": [], "start_line": 22}, "readiness_check": {"executed_lines": [], "summary": {"covered_lines": 0, "num_statements": 8, "percent_covered": 0.0, "percent_covered_display": "0", "missing_lines": 8, "excluded_lines": 0, "percent_statements_covered": 0.0, "percent_statements_covered_display": "0"}, "missing_lines": [71, 72, 74, 75, 76, 77, 78, 83], "excluded_lines": [], "start_line": 60}, "": {"executed_lines": [1, 2, 4, 5, 7, 8, 10, 12, 15, 16, 21, 22, 59, 60], "summary": {"covered_lines": 14, "num_statements": 14, "percent_covered": 100.0, "percent_covered_display": "100", "missing_lines": 0, "excluded_lines": 0, "percent_statements_covered": 100.0, "percent_statements_covered_display": "100"}, "missing_lines": [], "excluded_lines": [], "start_line": 1}}, "classes": {"": {"executed_lines": [1, 2, 4, 5, 7, 8, 10, 12, 15, 16, 21, 22, 59, 60], "summary": {"covered_lines": 14, "num_statements": 37, "percent_covered": 37.83783783783784, "percent_covered_display": "38", "missing_lines": 23, "excluded_lines": 0, "percent_statements_covered": 37.83783783783784, "percent_statements_covered_display": "38"}, "missing_lines": [18, 29, 39, 40, 42, 43, 44, 45, 46, 47, 48, 51, 52, 54, 56, 71, 72, 74, 75, 76, 77, 78, 83], "excluded_lines": [], "start_line": 1}}}, "src\\tasks.py": {"executed_lines": [1, 2, 3, 4, 5, 7, 9, 10, 11, 12, 13, 15, 18, 30, 31, 32, 34, 35, 36, 49, 62, 66, 75, 76, 78, 79, 83, 84, 85, 91, 112, 124, 137, 138, 140, 141, 142, 143, 146, 147, 149, 150, 152, 155, 163, 166, 182, 183, 187, 188, 189, 192, 193, 196, 198, 199, 200, 201, 203, 205, 207, 209, 210, 217, 223, 231, 233, 236, 246, 247, 248, 249, 250, 251, 252, 253, 256, 264, 266, 267, 272, 273, 274, 276, 279, 280, 281, 282, 285, 286, 289, 290, 305, 306, 307, 311, 312, 321, 336, 337, 338, 339, 344], "summary": {"covered_lines": 103, "num_statements": 148, "percent_covered": 69.5945945945946, "percent_covered_display": "70", "missing_lines": 45, "excluded_lines": 0, "percent_statements_covered": 69.5945945945946, "percent_statements_covered_display": "70"}, "missing_lines": [37, 39, 40, 41, 42, 43, 44, 45, 46, 63, 67, 68, 69, 70, 71, 72, 81, 86, 87, 190, 197, 208, 212, 213, 214, 215, 268, 269, 291, 292, 293, 297, 298, 299, 300, 301, 302, 314, 315, 316, 317, 318, 319, 340, 341], "excluded_lines": [], "functions": {"_ensure_analysis_exists": {"executed_lines": [30, 31, 32, 34, 35, 36], "summary": {"covered_lines": 6, "num_statements": 15, "percent_covered": 40.0, "percent_covered_display": "40", "missing_lines": 9, "excluded_lines": 0, "percent_statements_covered": 40.0, "percent_statements_covered_display": "40"}, "missing_lines": [37, 39, 40, 41, 42, 43, 44, 45, 46], "excluded_lines": [], "start_line": 18}, "_cleanup_temp_file": {"executed_lines": [62, 66, 75, 76, 78, 79, 83, 84, 85], "summary": {"covered_lines": 9, "num_statements": 19, "percent_covered": 47.36842105263158, "percent_covered_display": "47", "missing_lines": 10, "excluded_lines": 0, "percent_statements_covered": 47.36842105263158, "percent_statements_covered_display": "47"}, "missing_lines": [63, 67, 68, 69, 70, 71, 72, 81, 86, 87], "excluded_lines": [], "start_line": 49}, "_translate_ratios": {"executed_lines": [137, 138, 140, 141, 142, 143, 146, 147, 149, 150, 152], "summary": {"covered_lines": 11, "num_statements": 11, "percent_covered": 100.0, "percent_covered_display": "100", "missing_lines": 0, "excluded_lines": 0, "percent_statements_covered": 100.0, "percent_statements_covered_display": "100"}, "missing_lines": [], "excluded_lines": [], "start_line": 124}, "_build_score_payload": {"executed_lines": [163, 166, 182, 183, 187, 188, 189, 192, 193, 196, 198, 199, 200, 201, 203, 205, 207, 209, 210, 217, 223], "summary": {"covered_lines": 21, "num_statements": 28, "percent_covered": 75.0, "percent_covered_display": "75", "missing_lines": 7, "excluded_lines": 0, "percent_statements_covered": 75.0, "percent_statements_covered_display": "75"}, "missing_lines": [190, 197, 208, 212, 213, 214, 215], "excluded_lines": [], "start_line": 155}, "_translate_risk_level": {"executed_lines": [233], "summary": {"covered_lines": 1, "num_statements": 1, "percent_covered": 100.0, "percent_covered_display": "100", "missing_lines": 0, "excluded_lines": 0, "percent_statements_covered": 100.0, "percent_statements_covered_display": "100"}, "missing_lines": [], "excluded_lines": [], "start_line": 231}, "_extract_text_from_pdf": {"executed_lines": [246, 247, 248, 249, 250, 251, 252, 253], "summary": {"covered_lines": 8, "num_statements": 8, "percent_covered": 100.0, "percent_covered_display": "100", "missing_lines": 0, "excluded_lines": 0, "percent_statements_covered": 100.0, "percent_statements_covered_display": "100"}, "missing_lines": [], "excluded_lines": [], "start_line": 236}, "process_pdf": {"executed_lines": [264, 266, 267, 272, 273, 274, 276, 279, 280, 281, 282, 285, 286, 289, 290, 305, 306, 307, 311, 312, 321, 336, 337, 338, 339, 344], "summary": {"covered_lines": 26, "num_statements": 45, "percent_covered": 57.77777777777778, "percent_covered_display": "58", "missing_lines": 19, "excluded_lines": 0, "percent_statements_covered": 57.77777777777778, "percent_statements_covered_display": "58"}, "missing_lines": [268, 269, 291, 292, 293, 297, 298, 299, 300, 301, 302, 314, 315, 316, 317, 318, 319, 340, 341], "excluded_lines": [], "start_line": 256}, "": {"executed_lines": [1, 2, 3, 4, 5, 7, 9, 10, 11, 12, 13, 15, 18, 49, 91, 112, 124, 155, 231, 236, 256], "summary": {"covered_lines": 21, "num_statements": 21, "percent_covered": 100.0, "percent_covered_display": "100", "missing_lines": 0, "excluded_lines": 0, "percent_statements_covered": 100.0, "percent_statements_covered_display": "100"}, "missing_lines": [], "excluded_lines": [], "start_line": 1}}, "classes": {"": {"executed_lines": [1, 2, 3, 4, 5, 7, 9, 10, 11, 12, 13, 15, 18, 30, 31, 32, 34, 35, 36, 49, 62, 66, 75, 76, 78, 79, 83, 84, 85, 91, 112, 124, 137, 138, 140, 141, 142, 143, 146, 147, 149, 150, 152, 155, 163, 166, 182, 183, 187, 188, 189, 192, 193, 196, 198, 199, 200, 201, 203, 205, 207, 209, 210, 217, 223, 231, 233, 236, 246, 247, 248, 249, 250, 251, 252, 253, 256, 264, 266, 267, 272, 273, 274, 276, 279, 280, 281, 282, 285, 286, 289, 290, 305, 306, 307, 311, 312, 321, 336, 337, 338, 339, 344], "summary": {"covered_lines": 103, "num_statements": 148, "percent_covered": 69.5945945945946, "percent_covered_display": "70", "missing_lines": 45, "excluded_lines": 0, "percent_statements_covered": 69.5945945945946, "percent_statements_covered_display": "70"}, "missing_lines": [37, 39, 40, 41, 42, 43, 44, 45, 46, 63, 67, 68, 69, 70, 71, 72, 81, 86, 87, 190, 197, 208, 212, 213, 214, 215, 268, 269, 291, 292, 293, 297, 298, 299, 300, 301, 302, 314, 315, 316, 317, 318, 319, 340, 341], "excluded_lines": [], "start_line": 1}}}}, "totals": {"covered_lines": 1302, "num_statements": 1828, "percent_covered": 71.2253829321663, "percent_covered_display": "71", "missing_lines": 526, "excluded_lines": 0, "percent_statements_covered": 71.2253829321663, "percent_statements_covered_display": "71"}}