<?xml version="1.0" encoding="utf-8"?><testsuites><testsuite name="pytest" errors="3" failures="9" skipped="6" tests="301" time="33.663" timestamp="2026-03-24T01:06:04.173402+05:00" hostname="WIN-Q7TDRGGL7BT"><testcase classname="tests.test_agent.TestAgentEnsureConfigured" name="test_when_configured" file="tests\test_agent.py" line="115" time="0.002"><system-out>--------------------------------- Captured Log ---------------------------------

--------------------------------- Captured Out ---------------------------------

</system-out><system-err>--------------------------------- Captured Err ---------------------------------

</system-err></testcase><testcase classname="tests.test_agent.TestAgentEnsureConfigured" name="test_when_not_configured" file="tests\test_agent.py" line="123" time="0.001"><system-out>--------------------------------- Captured Log ---------------------------------

--------------------------------- Captured Out ---------------------------------

</system-out><system-err>--------------------------------- Captured Err ---------------------------------

</system-err></testcase><testcase classname="tests.test_agent.TestAgentEnsureConfigured" name="test_when_token_missing" file="tests\test_agent.py" line="139" time="0.001"><system-out>--------------------------------- Captured Log ---------------------------------

--------------------------------- Captured Out ---------------------------------

</system-out><system-err>--------------------------------- Captured Err ---------------------------------

</system-err></testcase><testcase classname="tests.test_agent.TestAgentEnsureConfigured" name="test_when_url_missing" file="tests\test_agent.py" line="130" time="0.001"><system-out>--------------------------------- Captured Log ---------------------------------

--------------------------------- Captured Out ---------------------------------

</system-out><system-err>--------------------------------- Captured Err ---------------------------------

</system-err></testcase><testcase classname="tests.test_agent.TestAgentInitialization" name="test_custom_timeout" file="tests\test_agent.py" line="36" time="0.001"><system-out>--------------------------------- Captured Log ---------------------------------

--------------------------------- Captured Out ---------------------------------

</system-out><system-err>--------------------------------- Captured Err ---------------------------------

</system-err></testcase><testcase classname="tests.test_agent.TestAgentInitialization" name="test_default_initialization" file="tests\test_agent.py" line="26" time="0.001"><system-out>--------------------------------- Captured Log ---------------------------------

--------------------------------- Captured Out ---------------------------------

</system-out><system-err>--------------------------------- Captured Err ---------------------------------

</system-err></testcase><testcase classname="tests.test_agent.TestAgentInvoke" name="test_invoke_not_configured" file="tests\test_agent.py" line="214" time="0.006"><system-out>--------------------------------- Captured Log ---------------------------------

--------------------------------- Captured Out ---------------------------------

</system-out><system-err>--------------------------------- Captured Err ---------------------------------

</system-err></testcase><testcase classname="tests.test_agent.TestAgentInvoke" name="test_invoke_timeout" file="tests\test_agent.py" line="202" time="0.005"><system-out>--------------------------------- Captured Log ---------------------------------
ERROR    src.core.agent:agent.py:83 Agent request timeout after 120 seconds
--------------------------------- Captured Out ---------------------------------

</system-out><system-err>--------------------------------- Captured Err ---------------------------------

</system-err></testcase><testcase classname="tests.test_agent.TestAgentInvoke" name="test_invoke_uses_default_values" file="tests\test_agent.py" line="186" time="0.005"><system-out>--------------------------------- Captured Log ---------------------------------

--------------------------------- Captured Out ---------------------------------

</system-out><system-err>--------------------------------- Captured Err ---------------------------------

</system-err></testcase><testcase classname="tests.test_agent.TestAgentInvoke" name="test_invoke_with_custom_timeout" file="tests\test_agent.py" line="172" time="0.004"><system-out>--------------------------------- Captured Log ---------------------------------

--------------------------------- Captured Out ---------------------------------

</system-out><system-err>--------------------------------- Captured Err ---------------------------------

</system-err></testcase><testcase classname="tests.test_agent.TestAgentInvoke" name="test_successful_invoke" file="tests\test_agent.py" line="152" time="0.004"><system-out>--------------------------------- Captured Log ---------------------------------

--------------------------------- Captured Out ---------------------------------

</system-out><system-err>--------------------------------- Captured Err ---------------------------------

</system-err></testcase><testcase classname="tests.test_agent.TestAgentRequest" name="test_request_integration_skip" file="tests\test_agent.py" line="234" time="0.004"><skipped type="pytest.skip" message="Full request mocking too complex - covered by invoke tests">E:\neo-fin-ai\tests\test_agent.py:240: Full request mocking too complex - covered by invoke tests</skipped><system-out>--------------------------------- Captured Log ---------------------------------

--------------------------------- Captured Out ---------------------------------

</system-out><system-err>--------------------------------- Captured Err ---------------------------------

</system-err><system-out>--------------------------------- Captured Log ---------------------------------

--------------------------------- Captured Out ---------------------------------

</system-out><system-err>--------------------------------- Captured Err ---------------------------------

</system-err></testcase><testcase classname="tests.test_agent.TestAgentRequest" name="test_request_not_configured" file="tests\test_agent.py" line="226" time="0.004"><system-out>--------------------------------- Captured Log ---------------------------------

--------------------------------- Captured Out ---------------------------------

</system-out><system-err>--------------------------------- Captured Err ---------------------------------

</system-err></testcase><testcase classname="tests.test_agent.TestAgentSetConfig" name="test_config_removes_trailing_slash" file="tests\test_agent.py" line="62" time="0.001"><system-out>--------------------------------- Captured Log ---------------------------------

--------------------------------- Captured Out ---------------------------------

</system-out><system-err>--------------------------------- Captured Err ---------------------------------

</system-err></testcase><testcase classname="tests.test_agent.TestAgentSetConfig" name="test_config_strips_whitespace" file="tests\test_agent.py" line="54" time="0.001"><system-out>--------------------------------- Captured Log ---------------------------------

--------------------------------- Captured Out ---------------------------------

</system-out><system-err>--------------------------------- Captured Err ---------------------------------

</system-err></testcase><testcase classname="tests.test_agent.TestAgentSetConfig" name="test_empty_auth_token_raises_error" file="tests\test_agent.py" line="69" time="0.002"><system-out>--------------------------------- Captured Log ---------------------------------

--------------------------------- Captured Out ---------------------------------

</system-out><system-err>--------------------------------- Captured Err ---------------------------------

</system-err></testcase><testcase classname="tests.test_agent.TestAgentSetConfig" name="test_empty_url_raises_error" file="tests\test_agent.py" line="90" time="0.001"><system-out>--------------------------------- Captured Log ---------------------------------

--------------------------------- Captured Out ---------------------------------

</system-out><system-err>--------------------------------- Captured Err ---------------------------------

</system-err></testcase><testcase classname="tests.test_agent.TestAgentSetConfig" name="test_none_auth_token_raises_error" file="tests\test_agent.py" line="83" time="0.001"><system-out>--------------------------------- Captured Log ---------------------------------

--------------------------------- Captured Out ---------------------------------

</system-out><system-err>--------------------------------- Captured Err ---------------------------------

</system-err></testcase><testcase classname="tests.test_agent.TestAgentSetConfig" name="test_none_url_raises_error" file="tests\test_agent.py" line="104" time="0.001"><system-out>--------------------------------- Captured Log ---------------------------------

--------------------------------- Captured Out ---------------------------------

</system-out><system-err>--------------------------------- Captured Err ---------------------------------

</system-err></testcase><testcase classname="tests.test_agent.TestAgentSetConfig" name="test_valid_config" file="tests\test_agent.py" line="45" time="0.001"><system-out>--------------------------------- Captured Log ---------------------------------

--------------------------------- Captured Out ---------------------------------

</system-out><system-err>--------------------------------- Captured Err ---------------------------------

</system-err></testcase><testcase classname="tests.test_agent.TestAgentSetConfig" name="test_whitespace_only_auth_token_raises_error" file="tests\test_agent.py" line="76" time="0.001"><system-out>--------------------------------- Captured Log ---------------------------------

--------------------------------- Captured Out ---------------------------------

</system-out><system-err>--------------------------------- Captured Err ---------------------------------

</system-err></testcase><testcase classname="tests.test_agent.TestAgentSetConfig" name="test_whitespace_only_url_raises_error" file="tests\test_agent.py" line="97" time="0.001"><system-out>--------------------------------- Captured Log ---------------------------------

--------------------------------- Captured Out ---------------------------------

</system-out><system-err>--------------------------------- Captured Err ---------------------------------

</system-err></testcase><testcase classname="tests.test_agent.TestConfigurationError" name="test_error_message" file="tests\test_agent.py" line="17" time="0.001"><system-out>--------------------------------- Captured Log ---------------------------------

--------------------------------- Captured Out ---------------------------------

</system-out><system-err>--------------------------------- Captured Err ---------------------------------

</system-err></testcase><testcase classname="tests.test_agent.TestConfigurationError" name="test_exception_inheritance" file="tests\test_agent.py" line="13" time="0.001"><system-out>--------------------------------- Captured Log ---------------------------------

--------------------------------- Captured Out ---------------------------------

</system-out><system-err>--------------------------------- Captured Err ---------------------------------

</system-err></testcase><testcase classname="tests.test_agent.TestGlobalAgent" name="test_global_agent_default_state" file="tests\test_agent.py" line="250" time="0.001"><system-out>--------------------------------- Captured Log ---------------------------------

--------------------------------- Captured Out ---------------------------------

</system-out><system-err>--------------------------------- Captured Err ---------------------------------

</system-err></testcase><testcase classname="tests.test_agent.TestGlobalAgent" name="test_global_agent_exists" file="tests\test_agent.py" line="245" time="0.001"><system-out>--------------------------------- Captured Log ---------------------------------

--------------------------------- Captured Out ---------------------------------

</system-out><system-err>--------------------------------- Captured Err ---------------------------------

</system-err></testcase><testcase classname="tests.test_analysis_pdf_extractor.TestExtractNumberFromText" name="test_negative_number" file="tests\test_analysis_pdf_extractor.py" line="311" time="0.002"><system-out>--------------------------------- Captured Log ---------------------------------

--------------------------------- Captured Out ---------------------------------

</system-out><system-err>--------------------------------- Captured Err ---------------------------------

</system-err></testcase><testcase classname="tests.test_analysis_pdf_extractor.TestExtractNumberFromText" name="test_no_numbers" file="tests\test_analysis_pdf_extractor.py" line="322" time="0.001"><system-out>--------------------------------- Captured Log ---------------------------------

--------------------------------- Captured Out ---------------------------------

</system-out><system-err>--------------------------------- Captured Err ---------------------------------

</system-err></testcase><testcase classname="tests.test_analysis_pdf_extractor.TestExtractNumberFromText" name="test_number_with_spaces" file="tests\test_analysis_pdf_extractor.py" line="306" time="0.001"><system-out>--------------------------------- Captured Log ---------------------------------

--------------------------------- Captured Out ---------------------------------

</system-out><system-err>--------------------------------- Captured Err ---------------------------------

</system-err></testcase><testcase classname="tests.test_analysis_pdf_extractor.TestExtractNumberFromText" name="test_simple_number" file="tests\test_analysis_pdf_extractor.py" line="301" time="0.001"><system-out>--------------------------------- Captured Log ---------------------------------

--------------------------------- Captured Out ---------------------------------

</system-out><system-err>--------------------------------- Captured Err ---------------------------------

</system-err></testcase><testcase classname="tests.test_analysis_pdf_extractor.TestExtractNumberNearKeywords" name="test_multiple_keywords" file="tests\test_analysis_pdf_extractor.py" line="347" time="0.001"><system-out>--------------------------------- Captured Log ---------------------------------

--------------------------------- Captured Out ---------------------------------

</system-out><system-err>--------------------------------- Captured Err ---------------------------------

</system-err></testcase><testcase classname="tests.test_analysis_pdf_extractor.TestExtractNumberNearKeywords" name="test_no_keyword" file="tests\test_analysis_pdf_extractor.py" line="342" time="0.001"><system-out>--------------------------------- Captured Log ---------------------------------

--------------------------------- Captured Out ---------------------------------

</system-out><system-err>--------------------------------- Captured Err ---------------------------------

</system-err></testcase><testcase classname="tests.test_analysis_pdf_extractor.TestExtractNumberNearKeywords" name="test_number_after_keyword" file="tests\test_analysis_pdf_extractor.py" line="331" time="0.001"><system-out>--------------------------------- Captured Log ---------------------------------

--------------------------------- Captured Out ---------------------------------

</system-out><system-err>--------------------------------- Captured Err ---------------------------------

</system-err></testcase><testcase classname="tests.test_analysis_pdf_extractor.TestExtractNumberNearKeywords" name="test_number_before_keyword" file="tests\test_analysis_pdf_extractor.py" line="336" time="0.001"><system-out>--------------------------------- Captured Log ---------------------------------

--------------------------------- Captured Out ---------------------------------

</system-out><system-err>--------------------------------- Captured Err ---------------------------------

</system-err></testcase><testcase classname="tests.test_analysis_pdf_extractor.TestExtractTables" name="test_both_flavors_fail" file="tests\test_analysis_pdf_extractor.py" line="167" time="0.002"><system-out>--------------------------------- Captured Log ---------------------------------
WARNING  src.analysis.pdf_extractor:pdf_extractor.py:107 Camelot failed with flavor=lattice: Failed
WARNING  src.analysis.pdf_extractor:pdf_extractor.py:107 Camelot failed with flavor=stream: Failed
--------------------------------- Captured Out ---------------------------------

</system-out><system-err>--------------------------------- Captured Err ---------------------------------

</system-err></testcase><testcase classname="tests.test_analysis_pdf_extractor.TestExtractTables" name="test_empty_table_skipped" file="tests\test_analysis_pdf_extractor.py" line="173" time="0.002"><system-out>--------------------------------- Captured Log ---------------------------------

--------------------------------- Captured Out ---------------------------------

</system-out><system-err>--------------------------------- Captured Err ---------------------------------

</system-err></testcase><testcase classname="tests.test_analysis_pdf_extractor.TestExtractTables" name="test_lattice_fails_stream_works" file="tests\test_analysis_pdf_extractor.py" line="145" time="0.002"><system-out>--------------------------------- Captured Log ---------------------------------
WARNING  src.analysis.pdf_extractor:pdf_extractor.py:107 Camelot failed with flavor=lattice: Lattice failed
--------------------------------- Captured Out ---------------------------------

</system-out><system-err>--------------------------------- Captured Err ---------------------------------

</system-err></testcase><testcase classname="tests.test_analysis_pdf_extractor.TestExtractTables" name="test_none_dataframe_skipped" file="tests\test_analysis_pdf_extractor.py" line="188" time="0.002"><system-out>--------------------------------- Captured Log ---------------------------------

--------------------------------- Captured Out ---------------------------------

</system-out><system-err>--------------------------------- Captured Err ---------------------------------

</system-err></testcase><testcase classname="tests.test_analysis_pdf_extractor.TestExtractTables" name="test_successful_table_extraction_lattice" file="tests\test_analysis_pdf_extractor.py" line="127" time="0.003"><system-out>--------------------------------- Captured Log ---------------------------------

--------------------------------- Captured Out ---------------------------------

</system-out><system-err>--------------------------------- Captured Err ---------------------------------

</system-err></testcase><testcase classname="tests.test_analysis_pdf_extractor.TestExtractTextFromScanned" name="test_convert_from_path_exception" file="tests\test_analysis_pdf_extractor.py" line="117" time="0.004"><system-out>--------------------------------- Captured Log ---------------------------------
ERROR    src.analysis.pdf_extractor:pdf_extractor.py:83 Failed to convert PDF to images: Conversion failed
Traceback (most recent call last):
  File "E:\neo-fin-ai\src\analysis\pdf_extractor.py", line 81, in extract_text_from_scanned
    images = convert_from_path(pdf_path)
             ^^^^^^^^^^^^^^^^^^^^^^^^^^^
  File "C:\Program Files\WindowsApps\PythonSoftwareFoundation.Python.3.12_3.12.2800.0_x64__qbz5n2kfra8p0\Lib\unittest\mock.py", line 1139, in __call__
    return self._mock_call(*args, **kwargs)
           ^^^^^^^^^^^^^^^^^^^^^^^^^^^^^^^^
  File "C:\Program Files\WindowsApps\PythonSoftwareFoundation.Python.3.12_3.12.2800.0_x64__qbz5n2kfra8p0\Lib\unittest\mock.py", line 1143, in _mock_call
    return self._execute_mock_call(*args, **kwargs)
           ^^^^^^^^^^^^^^^^^^^^^^^^^^^^^^^^^^^^^^^^
  File "C:\Program Files\WindowsApps\PythonSoftwareFoundation.Python.3.12_3.12.2800.0_x64__qbz5n2kfra8p0\Lib\unittest\mock.py", line 1198, in _execute_mock_call
    raise effect
Exception: Conversion failed
--------------------------------- Captured Out ---------------------------------

</system-out><system-err>--------------------------------- Captured Err ---------------------------------

</system-err></testcase><testcase classname="tests.test_analysis_pdf_extractor.TestExtractTextFromScanned" name="test_ocr_exception_logged" file="tests\test_analysis_pdf_extractor.py" line="106" time="0.002"><system-out>--------------------------------- Captured Log ---------------------------------
WARNING  src.analysis.pdf_extractor:pdf_extractor.py:95 OCR failed on page 1: OCR failed
--------------------------------- Captured Out ---------------------------------

</system-out><system-err>--------------------------------- Captured Err ---------------------------------

</system-err></testcase><testcase classname="tests.test_analysis_pdf_extractor.TestExtractTextFromScanned" name="test_successful_ocr" file="tests\test_analysis_pdf_extractor.py" line="79" time="0.002"><system-out>--------------------------------- Captured Log ---------------------------------

--------------------------------- Captured Out ---------------------------------

</system-out><system-err>--------------------------------- Captured Err ---------------------------------

</system-err></testcase><testcase classname="tests.test_analysis_pdf_extractor.TestExtractTextFromScanned" name="test_tesseract_error_fallback" file="tests\test_analysis_pdf_extractor.py" line="89" time="0.001"><system-out>--------------------------------- Captured Log ---------------------------------

--------------------------------- Captured Out ---------------------------------

</system-out><system-err>--------------------------------- Captured Err ---------------------------------

</system-err></testcase><testcase classname="tests.test_analysis_pdf_extractor.TestIsScannedPdf" name="test_exception_returns_true" file="tests\test_analysis_pdf_extractor.py" line="56" time="0.003"><system-out>--------------------------------- Captured Log ---------------------------------
ERROR    src.analysis.pdf_extractor:pdf_extractor.py:75 Failed to check PDF for text: Error
Traceback (most recent call last):
  File "E:\neo-fin-ai\src\analysis\pdf_extractor.py", line 64, in is_scanned_pdf
    reader = PyPDF2.PdfReader(pdf_path)
             ^^^^^^^^^^^^^^^^^^^^^^^^^^
  File "C:\Program Files\WindowsApps\PythonSoftwareFoundation.Python.3.12_3.12.2800.0_x64__qbz5n2kfra8p0\Lib\unittest\mock.py", line 1139, in __call__
    return self._mock_call(*args, **kwargs)
           ^^^^^^^^^^^^^^^^^^^^^^^^^^^^^^^^
  File "C:\Program Files\WindowsApps\PythonSoftwareFoundation.Python.3.12_3.12.2800.0_x64__qbz5n2kfra8p0\Lib\unittest\mock.py", line 1143, in _mock_call
    return self._execute_mock_call(*args, **kwargs)
           ^^^^^^^^^^^^^^^^^^^^^^^^^^^^^^^^^^^^^^^^
  File "C:\Program Files\WindowsApps\PythonSoftwareFoundation.Python.3.12_3.12.2800.0_x64__qbz5n2kfra8p0\Lib\unittest\mock.py", line 1198, in _execute_mock_call
    raise effect
Exception: Error
--------------------------------- Captured Out ---------------------------------

</system-out><system-err>--------------------------------- Captured Err ---------------------------------

</system-err></testcase><testcase classname="tests.test_analysis_pdf_extractor.TestIsScannedPdf" name="test_extract_text_exception_logged" file="tests\test_analysis_pdf_extractor.py" line="62" time="0.002"><system-out>--------------------------------- Captured Log ---------------------------------
WARNING  src.analysis.pdf_extractor:pdf_extractor.py:71 Failed to extract text from page: Extraction failed
--------------------------------- Captured Out ---------------------------------

</system-out><system-err>--------------------------------- Captured Err ---------------------------------

</system-err></testcase><testcase classname="tests.test_analysis_pdf_extractor.TestIsScannedPdf" name="test_pdf_with_little_text_is_scanned" file="tests\test_analysis_pdf_extractor.py" line="44" time="0.002"><system-out>--------------------------------- Captured Log ---------------------------------

--------------------------------- Captured Out ---------------------------------

</system-out><system-err>--------------------------------- Captured Err ---------------------------------

</system-err></testcase><testcase classname="tests.test_analysis_pdf_extractor.TestIsScannedPdf" name="test_pdf_with_text_not_scanned" file="tests\test_analysis_pdf_extractor.py" line="20" time="0.002"><system-out>--------------------------------- Captured Log ---------------------------------

--------------------------------- Captured Out ---------------------------------

</system-out><system-err>--------------------------------- Captured Err ---------------------------------

</system-err></testcase><testcase classname="tests.test_analysis_pdf_extractor.TestIsScannedPdf" name="test_pdf_without_text_is_scanned" file="tests\test_analysis_pdf_extractor.py" line="32" time="0.002"><system-out>--------------------------------- Captured Log ---------------------------------

--------------------------------- Captured Out ---------------------------------

</system-out><system-err>--------------------------------- Captured Err ---------------------------------

</system-err></testcase><testcase classname="tests.test_analysis_pdf_extractor.TestNormalizeNumber" name="test_empty_string" file="tests\test_analysis_pdf_extractor.py" line="381" time="0.001"><system-out>--------------------------------- Captured Log ---------------------------------

--------------------------------- Captured Out ---------------------------------

</system-out><system-err>--------------------------------- Captured Err ---------------------------------

</system-err></testcase><testcase classname="tests.test_analysis_pdf_extractor.TestNormalizeNumber" name="test_invalid_string" file="tests\test_analysis_pdf_extractor.py" line="391" time="0.001"><system-out>--------------------------------- Captured Log ---------------------------------

--------------------------------- Captured Out ---------------------------------

</system-out><system-err>--------------------------------- Captured Err ---------------------------------

</system-err></testcase><testcase classname="tests.test_analysis_pdf_extractor.TestNormalizeNumber" name="test_nbsp_character" file="tests\test_analysis_pdf_extractor.py" line="411" time="0.002"><system-out>--------------------------------- Captured Log ---------------------------------

--------------------------------- Captured Out ---------------------------------

</system-out><system-err>--------------------------------- Captured Err ---------------------------------

</system-err></testcase><testcase classname="tests.test_analysis_pdf_extractor.TestNormalizeNumber" name="test_negative_in_parentheses" file="tests\test_analysis_pdf_extractor.py" line="376" time="0.001"><system-out>--------------------------------- Captured Log ---------------------------------

--------------------------------- Captured Out ---------------------------------

</system-out><system-err>--------------------------------- Captured Err ---------------------------------

</system-err></testcase><testcase classname="tests.test_analysis_pdf_extractor.TestNormalizeNumber" name="test_none_input" file="tests\test_analysis_pdf_extractor.py" line="396" time="0.001"><system-out>--------------------------------- Captured Log ---------------------------------

--------------------------------- Captured Out ---------------------------------

</system-out><system-err>--------------------------------- Captured Err ---------------------------------

</system-err></testcase><testcase classname="tests.test_analysis_pdf_extractor.TestNormalizeNumber" name="test_number_with_commas" file="tests\test_analysis_pdf_extractor.py" line="366" time="0.001"><system-out>--------------------------------- Captured Log ---------------------------------

--------------------------------- Captured Out ---------------------------------

</system-out><system-err>--------------------------------- Captured Err ---------------------------------

</system-err></testcase><testcase classname="tests.test_analysis_pdf_extractor.TestNormalizeNumber" name="test_number_with_currency" file="tests\test_analysis_pdf_extractor.py" line="401" time="0.001"><system-out>--------------------------------- Captured Log ---------------------------------

--------------------------------- Captured Out ---------------------------------

</system-out><system-err>--------------------------------- Captured Err ---------------------------------

</system-err></testcase><testcase classname="tests.test_analysis_pdf_extractor.TestNormalizeNumber" name="test_number_with_spaces" file="tests\test_analysis_pdf_extractor.py" line="361" time="0.001"><system-out>--------------------------------- Captured Log ---------------------------------

--------------------------------- Captured Out ---------------------------------

</system-out><system-err>--------------------------------- Captured Err ---------------------------------

</system-err></testcase><testcase classname="tests.test_analysis_pdf_extractor.TestNormalizeNumber" name="test_only_dash" file="tests\test_analysis_pdf_extractor.py" line="386" time="0.001"><system-out>--------------------------------- Captured Log ---------------------------------

--------------------------------- Captured Out ---------------------------------

</system-out><system-err>--------------------------------- Captured Err ---------------------------------

</system-err></testcase><testcase classname="tests.test_analysis_pdf_extractor.TestNormalizeNumber" name="test_simple_number" file="tests\test_analysis_pdf_extractor.py" line="356" time="0.001"><system-out>--------------------------------- Captured Log ---------------------------------

--------------------------------- Captured Out ---------------------------------

</system-out><system-err>--------------------------------- Captured Err ---------------------------------

</system-err></testcase><testcase classname="tests.test_analysis_pdf_extractor.TestParseFinancialStatements" name="test_empty_input" file="tests\test_analysis_pdf_extractor.py" line="246" time="0.005"><system-out>--------------------------------- Captured Log ---------------------------------

--------------------------------- Captured Out ---------------------------------

</system-out><system-err>--------------------------------- Captured Err ---------------------------------

</system-err></testcase><testcase classname="tests.test_analysis_pdf_extractor.TestParseFinancialStatements" name="test_extract_from_tables" file="tests\test_analysis_pdf_extractor.py" line="205" time="0.001"><system-out>--------------------------------- Captured Log ---------------------------------

--------------------------------- Captured Out ---------------------------------

</system-out><system-err>--------------------------------- Captured Err ---------------------------------

</system-err></testcase><testcase classname="tests.test_analysis_pdf_extractor.TestParseFinancialStatements" name="test_extract_from_text" file="tests\test_analysis_pdf_extractor.py" line="220" time="0.001"><system-out>--------------------------------- Captured Log ---------------------------------

--------------------------------- Captured Out ---------------------------------

</system-out><system-err>--------------------------------- Captured Err ---------------------------------

</system-err></testcase><testcase classname="tests.test_analysis_pdf_extractor.TestParseFinancialStatements" name="test_no_matching_metrics" file="tests\test_analysis_pdf_extractor.py" line="254" time="0.001"><system-out>--------------------------------- Captured Log ---------------------------------

--------------------------------- Captured Out ---------------------------------

</system-out><system-err>--------------------------------- Captured Err ---------------------------------

</system-err></testcase><testcase classname="tests.test_analysis_pdf_extractor.TestParseFinancialStatements" name="test_tables_take_precedence_over_text" file="tests\test_analysis_pdf_extractor.py" line="233" time="0.001"><system-out>--------------------------------- Captured Log ---------------------------------

--------------------------------- Captured Out ---------------------------------

</system-out><system-err>--------------------------------- Captured Err ---------------------------------

</system-err></testcase><testcase classname="tests.test_analysis_pdf_extractor.TestTableToRows" name="test_dict_with_rows_key" file="tests\test_analysis_pdf_extractor.py" line="268" time="0.001"><system-out>--------------------------------- Captured Log ---------------------------------

--------------------------------- Captured Out ---------------------------------

</system-out><system-err>--------------------------------- Captured Err ---------------------------------

</system-err></testcase><testcase classname="tests.test_analysis_pdf_extractor.TestTableToRows" name="test_empty_list" file="tests\test_analysis_pdf_extractor.py" line="287" time="0.001"><system-out>--------------------------------- Captured Log ---------------------------------

--------------------------------- Captured Out ---------------------------------

</system-out><system-err>--------------------------------- Captured Err ---------------------------------

</system-err></testcase><testcase classname="tests.test_analysis_pdf_extractor.TestTableToRows" name="test_list_of_dicts" file="tests\test_analysis_pdf_extractor.py" line="280" time="0.001"><system-out>--------------------------------- Captured Log ---------------------------------

--------------------------------- Captured Out ---------------------------------

</system-out><system-err>--------------------------------- Captured Err ---------------------------------

</system-err></testcase><testcase classname="tests.test_analysis_pdf_extractor.TestTableToRows" name="test_plain_list_of_lists" file="tests\test_analysis_pdf_extractor.py" line="274" time="0.001"><system-out>--------------------------------- Captured Log ---------------------------------

--------------------------------- Captured Out ---------------------------------

</system-out><system-err>--------------------------------- Captured Err ---------------------------------

</system-err></testcase><testcase classname="tests.test_analysis_pdf_extractor.TestTableToRows" name="test_unsupported_type" file="tests\test_analysis_pdf_extractor.py" line="292" time="0.001"><system-out>--------------------------------- Captured Log ---------------------------------

--------------------------------- Captured Out ---------------------------------

</system-out><system-err>--------------------------------- Captured Err ---------------------------------

</system-err></testcase><testcase classname="tests.test_analysis_ratios.TestCalculateRatios" name="test_all_ratios_calculated" file="tests\test_analysis_ratios.py" line="12" time="0.001"><system-out>--------------------------------- Captured Log ---------------------------------

--------------------------------- Captured Out ---------------------------------

</system-out><system-err>--------------------------------- Captured Err ---------------------------------

</system-err></testcase><testcase classname="tests.test_analysis_ratios.TestCalculateRatios" name="test_empty_dict" file="tests\test_analysis_ratios.py" line="108" time="0.001"><system-out>--------------------------------- Captured Log ---------------------------------

--------------------------------- Captured Out ---------------------------------

</system-out><system-err>--------------------------------- Captured Err ---------------------------------

</system-err></testcase><testcase classname="tests.test_analysis_ratios.TestCalculateRatios" name="test_invalid_string_values_handled" file="tests\test_analysis_ratios.py" line="90" time="0.001"><system-out>--------------------------------- Captured Log ---------------------------------

--------------------------------- Captured Out ---------------------------------

</system-out><system-err>--------------------------------- Captured Err ---------------------------------

</system-err></testcase><testcase classname="tests.test_analysis_ratios.TestCalculateRatios" name="test_missing_fields_returns_none" file="tests\test_analysis_ratios.py" line="39" time="0.001"><system-out>--------------------------------- Captured Log ---------------------------------

--------------------------------- Captured Out ---------------------------------

</system-out><system-err>--------------------------------- Captured Err ---------------------------------

</system-err></testcase><testcase classname="tests.test_analysis_ratios.TestCalculateRatios" name="test_mixed_types" file="tests\test_analysis_ratios.py" line="155" time="0.001"><system-out>--------------------------------- Captured Log ---------------------------------

--------------------------------- Captured Out ---------------------------------

</system-out><system-err>--------------------------------- Captured Err ---------------------------------

</system-err></testcase><testcase classname="tests.test_analysis_ratios.TestCalculateRatios" name="test_negative_values" file="tests\test_analysis_ratios.py" line="137" time="0.001"><system-out>--------------------------------- Captured Log ---------------------------------

--------------------------------- Captured Out ---------------------------------

</system-out><system-err>--------------------------------- Captured Err ---------------------------------

</system-err></testcase><testcase classname="tests.test_analysis_ratios.TestCalculateRatios" name="test_partial_data" file="tests\test_analysis_ratios.py" line="116" time="0.001"><system-out>--------------------------------- Captured Log ---------------------------------

--------------------------------- Captured Out ---------------------------------

</system-out><system-err>--------------------------------- Captured Err ---------------------------------

</system-err></testcase><testcase classname="tests.test_analysis_ratios.TestCalculateRatios" name="test_safe_div_exception_handling" file="tests\test_analysis_ratios.py" line="173" time="0.002"><system-out>--------------------------------- Captured Log ---------------------------------

--------------------------------- Captured Out ---------------------------------

</system-out><system-err>--------------------------------- Captured Err ---------------------------------

</system-err></testcase><testcase classname="tests.test_analysis_ratios.TestCalculateRatios" name="test_string_values_converted" file="tests\test_analysis_ratios.py" line="72" time="0.001"><system-out>--------------------------------- Captured Log ---------------------------------

--------------------------------- Captured Out ---------------------------------

</system-out><system-err>--------------------------------- Captured Err ---------------------------------

</system-err></testcase><testcase classname="tests.test_analysis_ratios.TestCalculateRatios" name="test_zero_denominator_returns_none" file="tests\test_analysis_ratios.py" line="52" time="0.001"><system-out>--------------------------------- Captured Log ---------------------------------

--------------------------------- Captured Out ---------------------------------

</system-out><system-err>--------------------------------- Captured Err ---------------------------------

</system-err></testcase><testcase classname="tests.test_analysis_scoring.TestCalculateIntegralScore" name="test_all_none_ratios" file="tests\test_analysis_scoring.py" line="55" time="0.001"><system-out>--------------------------------- Captured Log ---------------------------------

--------------------------------- Captured Out ---------------------------------

</system-out><system-err>--------------------------------- Captured Err ---------------------------------

</system-err></testcase><testcase classname="tests.test_analysis_scoring.TestCalculateIntegralScore" name="test_all_ratios_present" file="tests\test_analysis_scoring.py" line="15" time="0.001"><system-out>--------------------------------- Captured Log ---------------------------------

--------------------------------- Captured Out ---------------------------------

</system-out><system-err>--------------------------------- Captured Err ---------------------------------

</system-err></testcase><testcase classname="tests.test_analysis_scoring.TestCalculateIntegralScore" name="test_empty_ratios" file="tests\test_analysis_scoring.py" line="47" time="0.001"><system-out>--------------------------------- Captured Log ---------------------------------

--------------------------------- Captured Out ---------------------------------

</system-out><system-err>--------------------------------- Captured Err ---------------------------------

</system-err></testcase><testcase classname="tests.test_analysis_scoring.TestCalculateIntegralScore" name="test_missing_ratios" file="tests\test_analysis_scoring.py" line="33" time="0.001"><system-out>--------------------------------- Captured Log ---------------------------------

--------------------------------- Captured Out ---------------------------------

</system-out><system-err>--------------------------------- Captured Err ---------------------------------

</system-err></testcase><testcase classname="tests.test_analysis_scoring.TestCalculateIntegralScore" name="test_risk_levels" file="tests\test_analysis_scoring.py" line="70" time="0.003"><system-out>--------------------------------- Captured Log ---------------------------------

--------------------------------- Captured Out ---------------------------------

</system-out><system-err>--------------------------------- Captured Err ---------------------------------

</system-err></testcase><testcase classname="tests.test_analysis_scoring.TestCalculateIntegralScore" name="test_string_values_converted" file="tests\test_analysis_scoring.py" line="94" time="0.001"><system-out>--------------------------------- Captured Log ---------------------------------

--------------------------------- Captured Out ---------------------------------

</system-out><system-err>--------------------------------- Captured Err ---------------------------------

</system-err></testcase><testcase classname="tests.test_analysis_scoring.TestCalculateIntegralScore" name="test_unknown_ratio_ignored" file="tests\test_analysis_scoring.py" line="109" time="0.001"><system-out>--------------------------------- Captured Log ---------------------------------

--------------------------------- Captured Out ---------------------------------

</system-out><system-err>--------------------------------- Captured Err ---------------------------------

</system-err></testcase><testcase classname="tests.test_analysis_scoring.TestNormalizeInverse" name="test_negative_value" file="tests\test_analysis_scoring.py" line="153" time="0.001"><system-out>--------------------------------- Captured Log ---------------------------------

--------------------------------- Captured Out ---------------------------------

</system-out><system-err>--------------------------------- Captured Err ---------------------------------

</system-err></testcase><testcase classname="tests.test_analysis_scoring.TestNormalizeInverse" name="test_small_value" file="tests\test_analysis_scoring.py" line="170" time="0.001"><system-out>--------------------------------- Captured Log ---------------------------------

--------------------------------- Captured Out ---------------------------------

</system-out><system-err>--------------------------------- Captured Err ---------------------------------

</system-err></testcase><testcase classname="tests.test_analysis_scoring.TestNormalizeInverse" name="test_value_above_max" file="tests\test_analysis_scoring.py" line="161" time="0.001"><system-out>--------------------------------- Captured Log ---------------------------------

--------------------------------- Captured Out ---------------------------------

</system-out><system-err>--------------------------------- Captured Err ---------------------------------

</system-err></testcase><testcase classname="tests.test_analysis_scoring.TestNormalizeInverse" name="test_value_at_max_acceptable" file="tests\test_analysis_scoring.py" line="157" time="0.001"><system-out>--------------------------------- Captured Log ---------------------------------

--------------------------------- Captured Out ---------------------------------

</system-out><system-err>--------------------------------- Captured Err ---------------------------------

</system-err></testcase><testcase classname="tests.test_analysis_scoring.TestNormalizeInverse" name="test_value_halfway" file="tests\test_analysis_scoring.py" line="166" time="0.001"><system-out>--------------------------------- Captured Log ---------------------------------

--------------------------------- Captured Out ---------------------------------

</system-out><system-err>--------------------------------- Captured Err ---------------------------------

</system-err></testcase><testcase classname="tests.test_analysis_scoring.TestNormalizeInverse" name="test_zero_value" file="tests\test_analysis_scoring.py" line="149" time="0.001"><system-out>--------------------------------- Captured Log ---------------------------------

--------------------------------- Captured Out ---------------------------------

</system-out><system-err>--------------------------------- Captured Err ---------------------------------

</system-err></testcase><testcase classname="tests.test_analysis_scoring.TestNormalizePositive" name="test_negative_value" file="tests\test_analysis_scoring.py" line="140" time="0.001"><system-out>--------------------------------- Captured Log ---------------------------------

--------------------------------- Captured Out ---------------------------------

</system-out><system-err>--------------------------------- Captured Err ---------------------------------

</system-err></testcase><testcase classname="tests.test_analysis_scoring.TestNormalizePositive" name="test_value_above_target" file="tests\test_analysis_scoring.py" line="131" time="0.001"><system-out>--------------------------------- Captured Log ---------------------------------

--------------------------------- Captured Out ---------------------------------

</system-out><system-err>--------------------------------- Captured Err ---------------------------------

</system-err></testcase><testcase classname="tests.test_analysis_scoring.TestNormalizePositive" name="test_value_below_target" file="tests\test_analysis_scoring.py" line="121" time="0.001"><system-out>--------------------------------- Captured Log ---------------------------------

--------------------------------- Captured Out ---------------------------------

</system-out><system-err>--------------------------------- Captured Err ---------------------------------

</system-err></testcase><testcase classname="tests.test_analysis_scoring.TestNormalizePositive" name="test_value_equals_target" file="tests\test_analysis_scoring.py" line="126" time="0.001"><system-out>--------------------------------- Captured Log ---------------------------------

--------------------------------- Captured Out ---------------------------------

</system-out><system-err>--------------------------------- Captured Err ---------------------------------

</system-err></testcase><testcase classname="tests.test_analysis_scoring.TestNormalizePositive" name="test_zero_value" file="tests\test_analysis_scoring.py" line="136" time="0.001"><system-out>--------------------------------- Captured Log ---------------------------------

--------------------------------- Captured Out ---------------------------------

</system-out><system-err>--------------------------------- Captured Err ---------------------------------

</system-err></testcase><testcase classname="tests.test_analysis_scoring.TestRiskLevel" name="test_high_risk" file="tests\test_analysis_scoring.py" line="190" time="0.001"><system-out>--------------------------------- Captured Log ---------------------------------

--------------------------------- Captured Out ---------------------------------

</system-out><system-err>--------------------------------- Captured Err ---------------------------------

</system-err></testcase><testcase classname="tests.test_analysis_scoring.TestRiskLevel" name="test_low_risk" file="tests\test_analysis_scoring.py" line="178" time="0.001"><system-out>--------------------------------- Captured Log ---------------------------------

--------------------------------- Captured Out ---------------------------------

</system-out><system-err>--------------------------------- Captured Err ---------------------------------

</system-err></testcase><testcase classname="tests.test_analysis_scoring.TestRiskLevel" name="test_medium_risk" file="tests\test_analysis_scoring.py" line="184" time="0.002"><system-out>--------------------------------- Captured Log ---------------------------------

--------------------------------- Captured Out ---------------------------------

</system-out><system-err>--------------------------------- Captured Err ---------------------------------

</system-err></testcase><testcase classname="tests.test_analysis_scoring.TestToNumber" name="test_float_conversion" file="tests\test_analysis_scoring.py" line="207" time="0.001"><system-out>--------------------------------- Captured Log ---------------------------------

--------------------------------- Captured Out ---------------------------------

</system-out><system-err>--------------------------------- Captured Err ---------------------------------

</system-err></testcase><testcase classname="tests.test_analysis_scoring.TestToNumber" name="test_int_conversion" file="tests\test_analysis_scoring.py" line="201" time="0.001"><system-out>--------------------------------- Captured Log ---------------------------------

--------------------------------- Captured Out ---------------------------------

</system-out><system-err>--------------------------------- Captured Err ---------------------------------

</system-err></testcase><testcase classname="tests.test_analysis_scoring.TestToNumber" name="test_invalid_string_returns_none" file="tests\test_analysis_scoring.py" line="222" time="0.001"><system-out>--------------------------------- Captured Log ---------------------------------
WARNING  src.analysis.scoring:scoring.py:89 Failed to convert ratio value: invalid
WARNING  src.analysis.scoring:scoring.py:89 Failed to convert ratio value: 
WARNING  src.analysis.scoring:scoring.py:89 Failed to convert ratio value: N/A
--------------------------------- Captured Out ---------------------------------

</system-out><system-err>--------------------------------- Captured Err ---------------------------------

</system-err></testcase><testcase classname="tests.test_analysis_scoring.TestToNumber" name="test_nan_value" file="tests\test_analysis_scoring.py" line="228" time="0.001"><system-out>--------------------------------- Captured Log ---------------------------------

--------------------------------- Captured Out ---------------------------------

</system-out><system-err>--------------------------------- Captured Err ---------------------------------

</system-err></testcase><testcase classname="tests.test_analysis_scoring.TestToNumber" name="test_none_returns_none" file="tests\test_analysis_scoring.py" line="218" time="0.001"><system-out>--------------------------------- Captured Log ---------------------------------

--------------------------------- Captured Out ---------------------------------

</system-out><system-err>--------------------------------- Captured Err ---------------------------------

</system-err></testcase><testcase classname="tests.test_analysis_scoring.TestToNumber" name="test_string_conversion" file="tests\test_analysis_scoring.py" line="212" time="0.001"><system-out>--------------------------------- Captured Log ---------------------------------

--------------------------------- Captured Out ---------------------------------

</system-out><system-err>--------------------------------- Captured Err ---------------------------------

</system-err></testcase><testcase classname="tests.test_api" name="test_analyze_pdf_base64_empty_data" file="tests\test_api.py" line="217" time="0.009"><system-out>--------------------------------- Captured Log ---------------------------------

--------------------------------- Captured Out ---------------------------------

</system-out><system-err>--------------------------------- Captured Err ---------------------------------

</system-err></testcase><testcase classname="tests.test_api" name="test_analyze_pdf_base64_error_handling" file="tests\test_api.py" line="288" time="0.008"><system-out>--------------------------------- Captured Log ---------------------------------
ERROR    src.routers.analyze:analyze.py:153 Error processing PDF from base64: Some processing error
Traceback (most recent call last):
  File "E:\neo-fin-ai\src\routers\analyze.py", line 149, in post_analyze_pdf_base64
    return await analyze_pdf(BytesIO(decode_bytes))
           ^^^^^^^^^^^^^^^^^^^^^^^^^^^^^^^^^^^^^^^^
  File "E:\neo-fin-ai\tests\test_api.py", line 293, in fake_analyze_error
    raise ValueError("Some processing error")
ValueError: Some processing error
--------------------------------- Captured Out ---------------------------------

</system-out><system-err>--------------------------------- Captured Err ---------------------------------

</system-err></testcase><testcase classname="tests.test_api" name="test_analyze_pdf_base64_invalid_base64" file="tests\test_api.py" line="204" time="0.007"><system-out>--------------------------------- Captured Log ---------------------------------
WARNING  src.routers.analyze:analyze.py:145 Failed to decode base64: Invalid base64-encoded string: number of data characters (13) cannot be 1 more than a multiple of 4
--------------------------------- Captured Out ---------------------------------

</system-out><system-err>--------------------------------- Captured Err ---------------------------------

</system-err></testcase><testcase classname="tests.test_api" name="test_analyze_pdf_base64_invalid_format" file="tests\test_api.py" line="233" time="0.005"><system-out>--------------------------------- Captured Log ---------------------------------

--------------------------------- Captured Out ---------------------------------

</system-out><system-err>--------------------------------- Captured Err ---------------------------------

</system-err></testcase><testcase classname="tests.test_api" name="test_analyze_pdf_base64_success" file="tests\test_api.py" line="169" time="0.007"><system-out>--------------------------------- Captured Log ---------------------------------

--------------------------------- Captured Out ---------------------------------

</system-out><system-err>--------------------------------- Captured Err ---------------------------------

</system-err></testcase><testcase classname="tests.test_api" name="test_analyze_pdf_base64_too_large" file="tests\test_api.py" line="250" time="1.068"><system-out>--------------------------------- Captured Log ---------------------------------

--------------------------------- Captured Out ---------------------------------

</system-out><system-err>--------------------------------- Captured Err ---------------------------------

</system-err></testcase><testcase classname="tests.test_api" name="test_analyze_pdf_file_empty_file" file="tests\test_api.py" line="124" time="0.014"><system-out>--------------------------------- Captured Log ---------------------------------

--------------------------------- Captured Out ---------------------------------

</system-out><system-err>--------------------------------- Captured Err ---------------------------------

</system-err></testcase><testcase classname="tests.test_api" name="test_analyze_pdf_file_error_handling" file="tests\test_api.py" line="267" time="0.006"><system-out>--------------------------------- Captured Log ---------------------------------
ERROR    src.routers.analyze:analyze.py:109 Error processing PDF file: Internal processing error
Traceback (most recent call last):
  File "E:\neo-fin-ai\src\routers\analyze.py", line 104, in post_analyze_pdf_file
    return await analyze_pdf(spooled_file)
           ^^^^^^^^^^^^^^^^^^^^^^^^^^^^^^^
  File "E:\neo-fin-ai\tests\test_api.py", line 272, in fake_analyze_error
    raise Exception("Internal processing error")
Exception: Internal processing error
--------------------------------- Captured Out ---------------------------------

</system-out><system-err>--------------------------------- Captured Err ---------------------------------

</system-err></testcase><testcase classname="tests.test_api" name="test_analyze_pdf_file_invalid_content_type" file="tests\test_api.py" line="111" time="0.007"><system-out>--------------------------------- Captured Log ---------------------------------

--------------------------------- Captured Out ---------------------------------

</system-out><system-err>--------------------------------- Captured Err ---------------------------------

</system-err></testcase><testcase classname="tests.test_api" name="test_analyze_pdf_file_invalid_format" file="tests\test_api.py" line="137" time="0.006"><system-out>--------------------------------- Captured Log ---------------------------------

--------------------------------- Captured Out ---------------------------------

</system-out><system-err>--------------------------------- Captured Err ---------------------------------

</system-err></testcase><testcase classname="tests.test_api" name="test_analyze_pdf_file_success" file="tests\test_api.py" line="76" time="0.013"><system-out>--------------------------------- Captured Log ---------------------------------

--------------------------------- Captured Out ---------------------------------

</system-out><system-err>--------------------------------- Captured Err ---------------------------------

</system-err></testcase><testcase classname="tests.test_api" name="test_analyze_pdf_file_too_large" file="tests\test_api.py" line="153" time="0.492"><system-out>--------------------------------- Captured Log ---------------------------------

--------------------------------- Captured Out ---------------------------------

</system-out><system-err>--------------------------------- Captured Err ---------------------------------

</system-err></testcase><testcase classname="tests.test_api" name="test_result_not_found" file="tests\test_api.py" line="64" time="0.007"><system-out>--------------------------------- Captured Log ---------------------------------

--------------------------------- Captured Out ---------------------------------

</system-out><system-err>--------------------------------- Captured Err ---------------------------------

</system-err></testcase><testcase classname="tests.test_api" name="test_upload_and_result" file="tests\test_api.py" line="23" time="0.022"><system-out>--------------------------------- Captured Log ---------------------------------

--------------------------------- Captured Out ---------------------------------

</system-out><system-err>--------------------------------- Captured Err ---------------------------------

</system-err></testcase><testcase classname="tests.test_app.TestAppInitialization" name="test_app_created" file="tests\test_app.py" line="108" time="0.001"><system-out>--------------------------------- Captured Log ---------------------------------

--------------------------------- Captured Out ---------------------------------

</system-out><system-err>--------------------------------- Captured Err ---------------------------------

</system-err></testcase><testcase classname="tests.test_app.TestAppInitialization" name="test_cors_middleware_added" file="tests\test_app.py" line="122" time="0.001"><system-out>--------------------------------- Captured Log ---------------------------------

--------------------------------- Captured Out ---------------------------------

</system-out><system-err>--------------------------------- Captured Err ---------------------------------

</system-err></testcase><testcase classname="tests.test_app.TestAppInitialization" name="test_routers_included" file="tests\test_app.py" line="115" time="0.002"><system-out>--------------------------------- Captured Log ---------------------------------

--------------------------------- Captured Out ---------------------------------

</system-out><system-err>--------------------------------- Captured Err ---------------------------------

</system-err></testcase><testcase classname="tests.test_app.TestCorsConfiguration" name="test_cors_error_handler_exists" file="tests\test_app.py" line="152" time="0.001"><system-out>--------------------------------- Captured Log ---------------------------------

--------------------------------- Captured Out ---------------------------------

</system-out><system-err>--------------------------------- Captured Err ---------------------------------

</system-err></testcase><testcase classname="tests.test_app.TestCorsConfiguration" name="test_custom_cors_headers" file="tests\test_app.py" line="175" time="0.001"><system-out>--------------------------------- Captured Log ---------------------------------

--------------------------------- Captured Out ---------------------------------

</system-out><system-err>--------------------------------- Captured Err ---------------------------------

</system-err></testcase><testcase classname="tests.test_app.TestCorsConfiguration" name="test_custom_cors_methods" file="tests\test_app.py" line="170" time="0.001"><system-out>--------------------------------- Captured Log ---------------------------------

--------------------------------- Captured Out ---------------------------------

</system-out><system-err>--------------------------------- Captured Err ---------------------------------

</system-err></testcase><testcase classname="tests.test_app.TestCorsConfiguration" name="test_default_cors_origins" file="tests\test_app.py" line="163" time="0.003"><system-out>--------------------------------- Captured Log ---------------------------------

--------------------------------- Captured Out ---------------------------------

</system-out><system-err>--------------------------------- Captured Err ---------------------------------

</system-err></testcase><testcase classname="tests.test_app.TestLifespan" name="test_lifespan_logs_configuration" file="tests\test_app.py" line="133" time="0.004"><system-out>--------------------------------- Captured Log ---------------------------------

--------------------------------- Captured Out ---------------------------------

</system-out><system-err>--------------------------------- Captured Err ---------------------------------

</system-err></testcase><testcase classname="tests.test_app.TestParseCorsList" name="test_custom_values" file="tests\test_app.py" line="84" time="0.001"><system-out>--------------------------------- Captured Log ---------------------------------

--------------------------------- Captured Out ---------------------------------

</system-out><system-err>--------------------------------- Captured Err ---------------------------------

</system-err></testcase><testcase classname="tests.test_app.TestParseCorsList" name="test_empty_string_uses_defaults" file="tests\test_app.py" line="72" time="0.001"><system-out>--------------------------------- Captured Log ---------------------------------

--------------------------------- Captured Out ---------------------------------

</system-out><system-err>--------------------------------- Captured Err ---------------------------------

</system-err></testcase><testcase classname="tests.test_app.TestParseCorsList" name="test_empty_strings_filtered" file="tests\test_app.py" line="94" time="0.001"><system-out>--------------------------------- Captured Log ---------------------------------

--------------------------------- Captured Out ---------------------------------

</system-out><system-err>--------------------------------- Captured Err ---------------------------------

</system-err></testcase><testcase classname="tests.test_app.TestParseCorsList" name="test_none_uses_defaults" file="tests\test_app.py" line="78" time="0.001"><system-out>--------------------------------- Captured Log ---------------------------------

--------------------------------- Captured Out ---------------------------------

</system-out><system-err>--------------------------------- Captured Err ---------------------------------

</system-err></testcase><testcase classname="tests.test_app.TestParseCorsList" name="test_single_value" file="tests\test_app.py" line="99" time="0.002"><system-out>--------------------------------- Captured Log ---------------------------------

--------------------------------- Captured Out ---------------------------------

</system-out><system-err>--------------------------------- Captured Err ---------------------------------

</system-err></testcase><testcase classname="tests.test_app.TestParseCorsList" name="test_whitespace_trimmed" file="tests\test_app.py" line="89" time="0.002"><system-out>--------------------------------- Captured Log ---------------------------------

--------------------------------- Captured Out ---------------------------------

</system-out><system-err>--------------------------------- Captured Err ---------------------------------

</system-err></testcase><testcase classname="tests.test_app.TestParseCorsOrigins" name="test_all_invalid_origins" file="tests\test_app.py" line="63" time="0.001"><system-out>--------------------------------- Captured Log ---------------------------------
WARNING  src.app:app.py:58 Skipping invalid CORS origin 'localhost:3000' (must start with http:// or https://)
WARNING  src.app:app.py:58 Skipping invalid CORS origin 'example.com' (must start with http:// or https://)
--------------------------------- Captured Out ---------------------------------

</system-out><system-err>--------------------------------- Captured Err ---------------------------------

</system-err></testcase><testcase classname="tests.test_app.TestParseCorsOrigins" name="test_empty_string" file="tests\test_app.py" line="12" time="0.001"><system-out>--------------------------------- Captured Log ---------------------------------

--------------------------------- Captured Out ---------------------------------

</system-out><system-err>--------------------------------- Captured Err ---------------------------------

</system-err></testcase><testcase classname="tests.test_app.TestParseCorsOrigins" name="test_empty_strings_filtered" file="tests\test_app.py" line="39" time="0.001"><system-out>--------------------------------- Captured Log ---------------------------------

--------------------------------- Captured Out ---------------------------------

</system-out><system-err>--------------------------------- Captured Err ---------------------------------

</system-err></testcase><testcase classname="tests.test_app.TestParseCorsOrigins" name="test_invalid_origin_logged" file="tests\test_app.py" line="56" time="0.002"><system-out>--------------------------------- Captured Log ---------------------------------

--------------------------------- Captured Out ---------------------------------

</system-out><system-err>--------------------------------- Captured Err ---------------------------------

</system-err></testcase><testcase classname="tests.test_app.TestParseCorsOrigins" name="test_multiple_origins" file="tests\test_app.py" line="27" time="0.001"><system-out>--------------------------------- Captured Log ---------------------------------

--------------------------------- Captured Out ---------------------------------

</system-out><system-err>--------------------------------- Captured Err ---------------------------------

</system-err></testcase><testcase classname="tests.test_app.TestParseCorsOrigins" name="test_none_string" file="tests\test_app.py" line="17" time="0.001"><system-out>--------------------------------- Captured Log ---------------------------------

--------------------------------- Captured Out ---------------------------------

</system-out><system-err>--------------------------------- Captured Err ---------------------------------

</system-err></testcase><testcase classname="tests.test_app.TestParseCorsOrigins" name="test_single_origin" file="tests\test_app.py" line="22" time="0.001"><system-out>--------------------------------- Captured Log ---------------------------------

--------------------------------- Captured Out ---------------------------------

</system-out><system-err>--------------------------------- Captured Err ---------------------------------

</system-err></testcase><testcase classname="tests.test_app.TestParseCorsOrigins" name="test_whitespace_trimmed" file="tests\test_app.py" line="34" time="0.001"><system-out>--------------------------------- Captured Log ---------------------------------

--------------------------------- Captured Out ---------------------------------

</system-out><system-err>--------------------------------- Captured Err ---------------------------------

</system-err></testcase><testcase classname="tests.test_app.TestParseCorsOrigins" name="test_wildcard_in_list_rejected" file="tests\test_app.py" line="50" time="0.001"><system-out>--------------------------------- Captured Log ---------------------------------

--------------------------------- Captured Out ---------------------------------

</system-out><system-err>--------------------------------- Captured Err ---------------------------------

</system-err></testcase><testcase classname="tests.test_app.TestParseCorsOrigins" name="test_wildcard_rejected" file="tests\test_app.py" line="44" time="0.001"><system-out>--------------------------------- Captured Log ---------------------------------

--------------------------------- Captured Out ---------------------------------

</system-out><system-err>--------------------------------- Captured Err ---------------------------------

</system-err></testcase><testcase classname="tests.test_app.TestUvicornRun" name="test_uvicorn_run_when_main" file="tests\test_app.py" line="184" time="0.001"><system-out>--------------------------------- Captured Log ---------------------------------

--------------------------------- Captured Out ---------------------------------

</system-out><system-err>--------------------------------- Captured Err ---------------------------------

</system-err></testcase><testcase classname="tests.test_auth.TestAuthenticationEnforcement" name="test_api_endpoint_rejects_invalid_key" file="tests\test_auth.py" line="101" time="0.007"><system-out>--------------------------------- Captured Log ---------------------------------

--------------------------------- Captured Out ---------------------------------

</system-out><system-err>--------------------------------- Captured Err ---------------------------------

</system-err></testcase><testcase classname="tests.test_auth.TestAuthenticationEnforcement" name="test_api_endpoint_requires_auth_in_production" file="tests\test_auth.py" line="68" time="0.006"><system-out>--------------------------------- Captured Log ---------------------------------

--------------------------------- Captured Out ---------------------------------

</system-out><system-err>--------------------------------- Captured Err ---------------------------------

</system-err></testcase><testcase classname="tests.test_auth.TestAuthenticationEnforcement" name="test_api_endpoint_works_with_valid_key" file="tests\test_auth.py" line="84" time="0.007"><system-out>--------------------------------- Captured Log ---------------------------------

--------------------------------- Captured Out ---------------------------------

</system-out><system-err>--------------------------------- Captured Err ---------------------------------

</system-err></testcase><testcase classname="tests.test_auth.TestAuthenticationEnforcement" name="test_auth_rejects_missing_api_key_in_production" file="tests\test_auth.py" line="38" time="0.003"><system-out>--------------------------------- Captured Log ---------------------------------

--------------------------------- Captured Out ---------------------------------

</system-out><system-err>--------------------------------- Captured Err ---------------------------------

</system-err></testcase><testcase classname="tests.test_auth.TestAuthenticationEnforcement" name="test_auth_requires_api_key_in_production" file="tests\test_auth.py" line="15" time="0.002"><system-out>--------------------------------- Captured Log ---------------------------------

--------------------------------- Captured Out ---------------------------------

</system-out><system-err>--------------------------------- Captured Err ---------------------------------

</system-err></testcase><testcase classname="tests.test_auth.TestAuthenticationEnforcement" name="test_dev_mode_bypasses_authentication" file="tests\test_auth.py" line="53" time="0.002"><system-out>--------------------------------- Captured Log ---------------------------------

--------------------------------- Captured Out ---------------------------------

</system-out><system-err>--------------------------------- Captured Err ---------------------------------

</system-err></testcase><testcase classname="tests.test_auth.TestDevModeFixture" name="test_auth_enabled_fixture" file="tests\test_auth.py" line="127" time="0.001"><system-out>--------------------------------- Captured Log ---------------------------------

--------------------------------- Captured Out ---------------------------------

</system-out><system-err>--------------------------------- Captured Err ---------------------------------

</system-err></testcase><testcase classname="tests.test_auth.TestDevModeFixture" name="test_dev_mode_enabled_fixture" file="tests\test_auth.py" line="123" time="0.001"><system-out>--------------------------------- Captured Log ---------------------------------

--------------------------------- Captured Out ---------------------------------

</system-out><system-err>--------------------------------- Captured Err ---------------------------------

</system-err></testcase><testcase classname="tests.test_benchmarks.TestBenchmarkConcurrency" name="test_concurrent_database_operations" file="tests\test_benchmarks.py" line="140" time="0.002"><skipped type="pytest.skip" message="TEST_DATABASE_URL or DATABASE_URL is not set">E:\neo-fin-ai\tests\test_benchmarks.py:141: TEST_DATABASE_URL or DATABASE_URL is not set</skipped><system-out>--------------------------------- Captured Log ---------------------------------

--------------------------------- Captured Out ---------------------------------

</system-out><system-err>--------------------------------- Captured Err ---------------------------------

</system-err><system-out>--------------------------------- Captured Log ---------------------------------

--------------------------------- Captured Out ---------------------------------

</system-out><system-err>--------------------------------- Captured Err ---------------------------------

</system-err></testcase><testcase classname="tests.test_benchmarks.TestBenchmarkDatabaseOperations" name="test_create_analysis_performance" file="tests\test_benchmarks.py" line="71" time="0.001"><skipped type="pytest.skip" message="TEST_DATABASE_URL or DATABASE_URL is not set">E:\neo-fin-ai\tests\test_benchmarks.py:72: TEST_DATABASE_URL or DATABASE_URL is not set</skipped><system-out>--------------------------------- Captured Log ---------------------------------

--------------------------------- Captured Out ---------------------------------

</system-out><system-err>--------------------------------- Captured Err ---------------------------------

</system-err><system-out>--------------------------------- Captured Log ---------------------------------

--------------------------------- Captured Out ---------------------------------

</system-out><system-err>--------------------------------- Captured Err ---------------------------------

</system-err></testcase><testcase classname="tests.test_benchmarks.TestBenchmarkDatabaseOperations" name="test_get_analysis_performance" file="tests\test_benchmarks.py" line="85" time="0.001"><skipped type="pytest.skip" message="TEST_DATABASE_URL or DATABASE_URL is not set">E:\neo-fin-ai\tests\test_benchmarks.py:86: TEST_DATABASE_URL or DATABASE_URL is not set</skipped><system-out>--------------------------------- Captured Log ---------------------------------

--------------------------------- Captured Out ---------------------------------

</system-out><system-err>--------------------------------- Captured Err ---------------------------------

</system-err><system-out>--------------------------------- Captured Log ---------------------------------

--------------------------------- Captured Out ---------------------------------

</system-out><system-err>--------------------------------- Captured Err ---------------------------------

</system-err></testcase><testcase classname="tests.test_benchmarks.TestBenchmarkDatabaseOperations" name="test_update_analysis_performance" file="tests\test_benchmarks.py" line="99" time="0.001"><skipped type="pytest.skip" message="TEST_DATABASE_URL or DATABASE_URL is not set">E:\neo-fin-ai\tests\test_benchmarks.py:100: TEST_DATABASE_URL or DATABASE_URL is not set</skipped><system-out>--------------------------------- Captured Log ---------------------------------

--------------------------------- Captured Out ---------------------------------

</system-out><system-err>--------------------------------- Captured Err ---------------------------------

</system-err><system-out>--------------------------------- Captured Log ---------------------------------

--------------------------------- Captured Out ---------------------------------

</system-out><system-err>--------------------------------- Captured Err ---------------------------------

[...]
, line 259, in process_pdf\n    scanned = await asyncio.to_thread(pdf_extractor.is_scanned_pdf, file_path)\n              ^^^^^^^^^^^^^^^^^^^^^^^^^^^^^^^^^^^^^^^^^^^^^^^^^^^^^^^^^^^^^^^^\n  File &quot;C:\\Program Files\\WindowsApps\\PythonSoftwareFoundation.Python.3.12_3.12.2800.0_x64__qbz5n2kfra8p0\\Lib\\asyncio\\threads.py&quot;, line 25, in to_thread\n    return await loop.run_in_executor(None, func_call)\n           ^^^^^^^^^^^^^^^^^^^^^^^^^^^^^^^^^^^^^^^^^^^\n  File &quot;C:\\Program Files\\WindowsApps\\PythonSoftwareFoundation.Python.3.12_3.12.2800.0_x64__qbz5n2kfra8p0\\Lib\\concurrent\\futures\\thread.py&quot;, line 59, in run\n    result = self.fn(*self.args, **self.kwargs)\n             ^^^^^^^^^^^^^^^^^^^^^^^^^^^^^^^^^^\n  File &quot;C:\\Program Files\\WindowsApps\\PythonSoftwareFoundation.Python.3.12_3.12.2800.0_x64__qbz5n2kfra8p0\\Lib\\unittest\\mock.py&quot;, line 1139, in __call__\n    return self._mock_call(*args, **kwargs)\n           ^^^^^^^^^^^^^^^^^^^^^^^^^^^^^^^^\n  File &quot;C:\\Program Files\\WindowsApps\\PythonSoftwareFoundation.Python.3.12_3.12.2800.0_x64__qbz5n2kfra8p0\\Lib\\unittest\\mock.py&quot;, line 1143, in _mock_call\n    return self._execute_mock_call(*args, **kwargs)\n           ^^^^^^^^^^^^^^^^^^^^^^^^^^^^^^^^^^^^^^^^\n  File &quot;C:\\Program Files\\WindowsApps\\PythonSoftwareFoundation.Python.3.12_3.12.2800.0_x64__qbz5n2kfra8p0\\Lib\\unittest\\mock.py&quot;, line 1198, in _execute_mock_call\n    raise effect\nException: Main error\n'&#10; +  where 'ERROR    src.tasks:tasks.py:307 Failed to process PDF task cleanup-error-task: Main error\nTraceback (most recent call last):\n  File &quot;E:\\neo-fin-ai\\src\\tasks.py&quot;, line 259, in process_pdf\n    scanned = await asyncio.to_thread(pdf_extractor.is_scanned_pdf, file_path)\n              ^^^^^^^^^^^^^^^^^^^^^^^^^^^^^^^^^^^^^^^^^^^^^^^^^^^^^^^^^^^^^^^^\n  File &quot;C:\\Program Files\\WindowsApps\\PythonSoftwareFoundation.Python.3.12_3.12.2800.0_x64__qbz5n2kfra8p0\\Lib\\asyncio\\threads.py&quot;, line 25, in to_thread\n    return await loop.run_in_executor(None, func_call)\n           ^^^^^^^^^^^^^^^^^^^^^^^^^^^^^^^^^^^^^^^^^^^\n  File &quot;C:\\Program Files\\WindowsApps\\PythonSoftwareFoundation.Python.3.12_3.12.2800.0_x64__qbz5n2kfra8p0\\Lib\\concurrent\\futures\\thread.py&quot;, line 59, in run\n    result = self.fn(*self.args, **self.kwargs)\n             ^^^^^^^^^^^^^^^^^^^^^^^^^^^^^^^^^^\n  File &quot;C:\\Program Files\\WindowsApps\\PythonSoftwareFoundation.Python.3.12_3.12.2800.0_x64__qbz5n2kfra8p0\\Lib\\unittest\\mock.py&quot;, line 1139, in __call__\n    return self._mock_call(*args, **kwargs)\n           ^^^^^^^^^^^^^^^^^^^^^^^^^^^^^^^^\n  File &quot;C:\\Program Files\\WindowsApps\\PythonSoftwareFoundation.Python.3.12_3.12.2800.0_x64__qbz5n2kfra8p0\\Lib\\unittest\\mock.py&quot;, line 1143, in _mock_call\n    return self._execute_mock_call(*args, **kwargs)\n           ^^^^^^^^^^^^^^^^^^^^^^^^^^^^^^^^^^^^^^^^\n  File &quot;C:\\Program Files\\WindowsApps\\PythonSoftwareFoundation.Python.3.12_3.12.2800.0_x64__qbz5n2kfra8p0\\Lib\\unittest\\mock.py&quot;, line 1198, in _execute_mock_call\n    raise effect\nException: Main error\n' = &lt;_pytest.logging.LogCaptureFixture object at 0x00000165838677A0&gt;.text">tests\test_tasks.py:226: in test_cleanup_failure_handled_gracefully
    assert "Failed to delete temporary file" in caplog.text
E   assert 'Failed to delete temporary file' in 'ERROR    src.tasks:tasks.py:307 Failed to process PDF task cleanup-error-task: Main error\nTraceback (most recent call last):\n  File "E:\\neo-fin-ai\\src\\tasks.py", line 259, in process_pdf\n    scanned = await asyncio.to_thread(pdf_extractor.is_scanned_pdf, file_path)\n              ^^^^^^^^^^^^^^^^^^^^^^^^^^^^^^^^^^^^^^^^^^^^^^^^^^^^^^^^^^^^^^^^\n  File "C:\\Program Files\\WindowsApps\\PythonSoftwareFoundation.Python.3.12_3.12.2800.0_x64__qbz5n2kfra8p0\\Lib\\asyncio\\threads.py", line 25, in to_thread\n    return await loop.run_in_executor(None, func_call)\n           ^^^^^^^^^^^^^^^^^^^^^^^^^^^^^^^^^^^^^^^^^^^\n  File "C:\\Program Files\\WindowsApps\\PythonSoftwareFoundation.Python.3.12_3.12.2800.0_x64__qbz5n2kfra8p0\\Lib\\concurrent\\futures\\thread.py", line 59, in run\n    result = self.fn(*self.args, **self.kwargs)\n             ^^^^^^^^^^^^^^^^^^^^^^^^^^^^^^^^^^\n  File "C:\\Program Files\\WindowsApps\\PythonSoftwareFoundation.Python.3.12_3.12.2800.0_x64__qbz5n2kfra8p0\\Lib\\unittest\\mock.py", line 1139, in __call__\n    return self._mock_call(*args, **kwargs)\n           ^^^^^^^^^^^^^^^^^^^^^^^^^^^^^^^^\n  File "C:\\Program Files\\WindowsApps\\PythonSoftwareFoundation.Python.3.12_3.12.2800.0_x64__qbz5n2kfra8p0\\Lib\\unittest\\mock.py", line 1143, in _mock_call\n    return self._execute_mock_call(*args, **kwargs)\n           ^^^^^^^^^^^^^^^^^^^^^^^^^^^^^^^^^^^^^^^^\n  File "C:\\Program Files\\WindowsApps\\PythonSoftwareFoundation.Python.3.12_3.12.2800.0_x64__qbz5n2kfra8p0\\Lib\\unittest\\mock.py", line 1198, in _execute_mock_call\n    raise effect\nException: Main error\n'
E    +  where 'ERROR    src.tasks:tasks.py:307 Failed to process PDF task cleanup-error-task: Main error\nTraceback (most recent call last):\n  File "E:\\neo-fin-ai\\src\\tasks.py", line 259, in process_pdf\n    scanned = await asyncio.to_thread(pdf_extractor.is_scanned_pdf, file_path)\n              ^^^^^^^^^^^^^^^^^^^^^^^^^^^^^^^^^^^^^^^^^^^^^^^^^^^^^^^^^^^^^^^^\n  File "C:\\Program Files\\WindowsApps\\PythonSoftwareFoundation.Python.3.12_3.12.2800.0_x64__qbz5n2kfra8p0\\Lib\\asyncio\\threads.py", line 25, in to_thread\n    return await loop.run_in_executor(None, func_call)\n           ^^^^^^^^^^^^^^^^^^^^^^^^^^^^^^^^^^^^^^^^^^^\n  File "C:\\Program Files\\WindowsApps\\PythonSoftwareFoundation.Python.3.12_3.12.2800.0_x64__qbz5n2kfra8p0\\Lib\\concurrent\\futures\\thread.py", line 59, in run\n    result = self.fn(*self.args, **self.kwargs)\n             ^^^^^^^^^^^^^^^^^^^^^^^^^^^^^^^^^^\n  File "C:\\Program Files\\WindowsApps\\PythonSoftwareFoundation.Python.3.12_3.12.2800.0_x64__qbz5n2kfra8p0\\Lib\\unittest\\mock.py", line 1139, in __call__\n    return self._mock_call(*args, **kwargs)\n           ^^^^^^^^^^^^^^^^^^^^^^^^^^^^^^^^\n  File "C:\\Program Files\\WindowsApps\\PythonSoftwareFoundation.Python.3.12_3.12.2800.0_x64__qbz5n2kfra8p0\\Lib\\unittest\\mock.py", line 1143, in _mock_call\n    return self._execute_mock_call(*args, **kwargs)\n           ^^^^^^^^^^^^^^^^^^^^^^^^^^^^^^^^^^^^^^^^\n  File "C:\\Program Files\\WindowsApps\\PythonSoftwareFoundation.Python.3.12_3.12.2800.0_x64__qbz5n2kfra8p0\\Lib\\unittest\\mock.py", line 1198, in _execute_mock_call\n    raise effect\nException: Main error\n' = &lt;_pytest.logging.LogCaptureFixture object at 0x00000165838677A0&gt;.text</failure><system-out>--------------------------------- Captured Log ---------------------------------
ERROR    src.tasks:tasks.py:307 Failed to process PDF task cleanup-error-task: Main error
Traceback (most recent call last):
  File "E:\neo-fin-ai\src\tasks.py", line 259, in process_pdf
    scanned = await asyncio.to_thread(pdf_extractor.is_scanned_pdf, file_path)
              ^^^^^^^^^^^^^^^^^^^^^^^^^^^^^^^^^^^^^^^^^^^^^^^^^^^^^^^^^^^^^^^^
  File "C:\Program Files\WindowsApps\PythonSoftwareFoundation.Python.3.12_3.12.2800.0_x64__qbz5n2kfra8p0\Lib\asyncio\threads.py", line 25, in to_thread
    return await loop.run_in_executor(None, func_call)
           ^^^^^^^^^^^^^^^^^^^^^^^^^^^^^^^^^^^^^^^^^^^
  File "C:\Program Files\WindowsApps\PythonSoftwareFoundation.Python.3.12_3.12.2800.0_x64__qbz5n2kfra8p0\Lib\concurrent\futures\thread.py", line 59, in run
    result = self.fn(*self.args, **self.kwargs)
             ^^^^^^^^^^^^^^^^^^^^^^^^^^^^^^^^^^
  File "C:\Program Files\WindowsApps\PythonSoftwareFoundation.Python.3.12_3.12.2800.0_x64__qbz5n2kfra8p0\Lib\unittest\mock.py", line 1139, in __call__
    return self._mock_call(*args, **kwargs)
           ^^^^^^^^^^^^^^^^^^^^^^^^^^^^^^^^
  File "C:\Program Files\WindowsApps\PythonSoftwareFoundation.Python.3.12_3.12.2800.0_x64__qbz5n2kfra8p0\Lib\unittest\mock.py", line 1143, in _mock_call
    return self._execute_mock_call(*args, **kwargs)
           ^^^^^^^^^^^^^^^^^^^^^^^^^^^^^^^^^^^^^^^^
  File "C:\Program Files\WindowsApps\PythonSoftwareFoundation.Python.3.12_3.12.2800.0_x64__qbz5n2kfra8p0\Lib\unittest\mock.py", line 1198, in _execute_mock_call
    raise effect
Exception: Main error
--------------------------------- Captured Out ---------------------------------

</system-out><system-err>--------------------------------- Captured Err ---------------------------------

</system-err></testcase><testcase classname="tests.test_tasks.TestProcessPdf" name="test_existing_analysis_update" file="tests\test_tasks.py" line="101" time="0.008"><system-out>--------------------------------- Captured Log ---------------------------------
ERROR    src.tasks:tasks.py:307 Failed to process PDF task test-task-456: 'float' object has no attribute 'get'
Traceback (most recent call last):
  File "E:\neo-fin-ai\src\tasks.py", line 273, in process_pdf
    score_payload = _build_score_payload(raw_score, ratios_en)
                    ^^^^^^^^^^^^^^^^^^^^^^^^^^^^^^^^^^^^^^^^^^
  File "E:\neo-fin-ai\src\tasks.py", line 150, in _build_score_payload
    details = raw_score.get("details", {})  # normalized 0-1 values per ratio
              ^^^^^^^^^^^^^
AttributeError: 'float' object has no attribute 'get'
--------------------------------- Captured Out ---------------------------------

</system-out><system-err>--------------------------------- Captured Err ---------------------------------

</system-err></testcase><testcase classname="tests.test_tasks.TestProcessPdf" name="test_nonexistent_file_cleanup" file="tests\test_tasks.py" line="227" time="0.006"><system-out>--------------------------------- Captured Log ---------------------------------
ERROR    src.tasks:tasks.py:307 Failed to process PDF task no-file-task: Error
Traceback (most recent call last):
  File "E:\neo-fin-ai\src\tasks.py", line 259, in process_pdf
    scanned = await asyncio.to_thread(pdf_extractor.is_scanned_pdf, file_path)
              ^^^^^^^^^^^^^^^^^^^^^^^^^^^^^^^^^^^^^^^^^^^^^^^^^^^^^^^^^^^^^^^^
  File "C:\Program Files\WindowsApps\PythonSoftwareFoundation.Python.3.12_3.12.2800.0_x64__qbz5n2kfra8p0\Lib\asyncio\threads.py", line 25, in to_thread
    return await loop.run_in_executor(None, func_call)
           ^^^^^^^^^^^^^^^^^^^^^^^^^^^^^^^^^^^^^^^^^^^
  File "C:\Program Files\WindowsApps\PythonSoftwareFoundation.Python.3.12_3.12.2800.0_x64__qbz5n2kfra8p0\Lib\concurrent\futures\thread.py", line 59, in run
    result = self.fn(*self.args, **self.kwargs)
             ^^^^^^^^^^^^^^^^^^^^^^^^^^^^^^^^^^
  File "C:\Program Files\WindowsApps\PythonSoftwareFoundation.Python.3.12_3.12.2800.0_x64__qbz5n2kfra8p0\Lib\unittest\mock.py", line 1139, in __call__
    return self._mock_call(*args, **kwargs)
           ^^^^^^^^^^^^^^^^^^^^^^^^^^^^^^^^
  File "C:\Program Files\WindowsApps\PythonSoftwareFoundation.Python.3.12_3.12.2800.0_x64__qbz5n2kfra8p0\Lib\unittest\mock.py", line 1143, in _mock_call
    return self._execute_mock_call(*args, **kwargs)
           ^^^^^^^^^^^^^^^^^^^^^^^^^^^^^^^^^^^^^^^^
  File "C:\Program Files\WindowsApps\PythonSoftwareFoundation.Python.3.12_3.12.2800.0_x64__qbz5n2kfra8p0\Lib\unittest\mock.py", line 1198, in _execute_mock_call
    raise effect
Exception: Error
--------------------------------- Captured Out ---------------------------------

</system-out><system-err>--------------------------------- Captured Err ---------------------------------

</system-err></testcase><testcase classname="tests.test_tasks.TestProcessPdf" name="test_processing_failure" file="tests\test_tasks.py" line="149" time="0.007"><system-out>--------------------------------- Captured Log ---------------------------------
ERROR    src.tasks:tasks.py:307 Failed to process PDF task failed-task: PDF corrupted
Traceback (most recent call last):
  File "E:\neo-fin-ai\src\tasks.py", line 259, in process_pdf
    scanned = await asyncio.to_thread(pdf_extractor.is_scanned_pdf, file_path)
              ^^^^^^^^^^^^^^^^^^^^^^^^^^^^^^^^^^^^^^^^^^^^^^^^^^^^^^^^^^^^^^^^
  File "C:\Program Files\WindowsApps\PythonSoftwareFoundation.Python.3.12_3.12.2800.0_x64__qbz5n2kfra8p0\Lib\asyncio\threads.py", line 25, in to_thread
    return await loop.run_in_executor(None, func_call)
           ^^^^^^^^^^^^^^^^^^^^^^^^^^^^^^^^^^^^^^^^^^^
  File "C:\Program Files\WindowsApps\PythonSoftwareFoundation.Python.3.12_3.12.2800.0_x64__qbz5n2kfra8p0\Lib\concurrent\futures\thread.py", line 59, in run
    result = self.fn(*self.args, **self.kwargs)
             ^^^^^^^^^^^^^^^^^^^^^^^^^^^^^^^^^^
  File "C:\Program Files\WindowsApps\PythonSoftwareFoundation.Python.3.12_3.12.2800.0_x64__qbz5n2kfra8p0\Lib\unittest\mock.py", line 1139, in __call__
    return self._mock_call(*args, **kwargs)
           ^^^^^^^^^^^^^^^^^^^^^^^^^^^^^^^^
  File "C:\Program Files\WindowsApps\PythonSoftwareFoundation.Python.3.12_3.12.2800.0_x64__qbz5n2kfra8p0\Lib\unittest\mock.py", line 1143, in _mock_call
    return self._execute_mock_call(*args, **kwargs)
           ^^^^^^^^^^^^^^^^^^^^^^^^^^^^^^^^^^^^^^^^
  File "C:\Program Files\WindowsApps\PythonSoftwareFoundation.Python.3.12_3.12.2800.0_x64__qbz5n2kfra8p0\Lib\unittest\mock.py", line 1198, in _execute_mock_call
    raise effect
Exception: PDF corrupted
--------------------------------- Captured Out ---------------------------------

</system-out><system-err>--------------------------------- Captured Err ---------------------------------

</system-err></testcase><testcase classname="tests.test_tasks.TestProcessPdf" name="test_scanned_pdf_processing" file="tests\test_tasks.py" line="127" time="0.008"><system-out>--------------------------------- Captured Log ---------------------------------
ERROR    src.tasks:tasks.py:307 Failed to process PDF task scanned-task: 'float' object has no attribute 'get'
Traceback (most recent call last):
  File "E:\neo-fin-ai\src\tasks.py", line 273, in process_pdf
    score_payload = _build_score_payload(raw_score, ratios_en)
                    ^^^^^^^^^^^^^^^^^^^^^^^^^^^^^^^^^^^^^^^^^^
  File "E:\neo-fin-ai\src\tasks.py", line 150, in _build_score_payload
    details = raw_score.get("details", {})  # normalized 0-1 values per ratio
              ^^^^^^^^^^^^^
AttributeError: 'float' object has no attribute 'get'
--------------------------------- Captured Out ---------------------------------

</system-out><system-err>--------------------------------- Captured Err ---------------------------------

</system-err></testcase><testcase classname="tests.test_tasks.TestProcessPdf" name="test_successful_processing" file="tests\test_tasks.py" line="69" time="0.010"><failure message="AssertionError: assert 'failed' == 'completed'&#10;  &#10;  - completed&#10;  + failed">tests\test_tasks.py:100: in test_successful_processing
    assert last_call[0][1] == "completed"
E   AssertionError: assert 'failed' == 'completed'
E     
E     - completed
E     + failed</failure><system-out>--------------------------------- Captured Log ---------------------------------
WARNING  src.tasks:tasks.py:137 Unmapped ratio keys (frontend may break): ['current_ratio']
ERROR    src.tasks:tasks.py:307 Failed to process PDF task test-task-123: 'float' object has no attribute 'get'
Traceback (most recent call last):
  File "E:\neo-fin-ai\src\tasks.py", line 273, in process_pdf
    score_payload = _build_score_payload(raw_score, ratios_en)
                    ^^^^^^^^^^^^^^^^^^^^^^^^^^^^^^^^^^^^^^^^^^
  File "E:\neo-fin-ai\src\tasks.py", line 150, in _build_score_payload
    details = raw_score.get("details", {})  # normalized 0-1 values per ratio
              ^^^^^^^^^^^^^
AttributeError: 'float' object has no attribute 'get'
--------------------------------- Captured Out ---------------------------------

</system-out><system-err>--------------------------------- Captured Err ---------------------------------

</system-err></testcase><testcase classname="tests.test_tasks.TestProcessPdf" name="test_temp_file_cleanup_on_failure" file="tests\test_tasks.py" line="193" time="0.006"><failure message="AssertionError: Expected 'remove' to be called once. Called 0 times.">tests\test_tasks.py:209: in test_temp_file_cleanup_on_failure
    mock_remove.assert_called_once_with(file_path)
C:\Program Files\WindowsApps\PythonSoftwareFoundation.Python.3.12_3.12.2800.0_x64__qbz5n2kfra8p0\Lib\unittest\mock.py:960: in assert_called_once_with
    raise AssertionError(msg)
E   AssertionError: Expected 'remove' to be called once. Called 0 times.</failure><system-out>--------------------------------- Captured Log ---------------------------------
ERROR    src.tasks:tasks.py:307 Failed to process PDF task cleanup-fail-task: Error
Traceback (most recent call last):
  File "E:\neo-fin-ai\src\tasks.py", line 259, in process_pdf
    scanned = await asyncio.to_thread(pdf_extractor.is_scanned_pdf, file_path)
              ^^^^^^^^^^^^^^^^^^^^^^^^^^^^^^^^^^^^^^^^^^^^^^^^^^^^^^^^^^^^^^^^
  File "C:\Program Files\WindowsApps\PythonSoftwareFoundation.Python.3.12_3.12.2800.0_x64__qbz5n2kfra8p0\Lib\asyncio\threads.py", line 25, in to_thread
    return await loop.run_in_executor(None, func_call)
           ^^^^^^^^^^^^^^^^^^^^^^^^^^^^^^^^^^^^^^^^^^^
  File "C:\Program Files\WindowsApps\PythonSoftwareFoundation.Python.3.12_3.12.2800.0_x64__qbz5n2kfra8p0\Lib\concurrent\futures\thread.py", line 59, in run
    result = self.fn(*self.args, **self.kwargs)
             ^^^^^^^^^^^^^^^^^^^^^^^^^^^^^^^^^^
  File "C:\Program Files\WindowsApps\PythonSoftwareFoundation.Python.3.12_3.12.2800.0_x64__qbz5n2kfra8p0\Lib\unittest\mock.py", line 1139, in __call__
    return self._mock_call(*args, **kwargs)
           ^^^^^^^^^^^^^^^^^^^^^^^^^^^^^^^^
  File "C:\Program Files\WindowsApps\PythonSoftwareFoundation.Python.3.12_3.12.2800.0_x64__qbz5n2kfra8p0\Lib\unittest\mock.py", line 1143, in _mock_call
    return self._execute_mock_call(*args, **kwargs)
           ^^^^^^^^^^^^^^^^^^^^^^^^^^^^^^^^^^^^^^^^
  File "C:\Program Files\WindowsApps\PythonSoftwareFoundation.Python.3.12_3.12.2800.0_x64__qbz5n2kfra8p0\Lib\unittest\mock.py", line 1198, in _execute_mock_call
    raise effect
Exception: Error
--------------------------------- Captured Out ---------------------------------

</system-out><system-err>--------------------------------- Captured Err ---------------------------------

</system-err></testcase><testcase classname="tests.test_tasks.TestProcessPdf" name="test_temp_file_cleanup_on_success" file="tests\test_tasks.py" line="171" time="0.010"><failure message="AssertionError: Expected 'remove' to be called once. Called 0 times.">tests\test_tasks.py:192: in test_temp_file_cleanup_on_success
    mock_remove.assert_called_once_with(file_path)
C:\Program Files\WindowsApps\PythonSoftwareFoundation.Python.3.12_3.12.2800.0_x64__qbz5n2kfra8p0\Lib\unittest\mock.py:960: in assert_called_once_with
    raise AssertionError(msg)
E   AssertionError: Expected 'remove' to be called once. Called 0 times.</failure><system-out>--------------------------------- Captured Log ---------------------------------
ERROR    src.tasks:tasks.py:307 Failed to process PDF task cleanup-task: 'float' object has no attribute 'get'
Traceback (most recent call last):
  File "E:\neo-fin-ai\src\tasks.py", line 273, in process_pdf
    score_payload = _build_score_payload(raw_score, ratios_en)
                    ^^^^^^^^^^^^^^^^^^^^^^^^^^^^^^^^^^^^^^^^^^
  File "E:\neo-fin-ai\src\tasks.py", line 150, in _build_score_payload
    details = raw_score.get("details", {})  # normalized 0-1 values per ratio
              ^^^^^^^^^^^^^
AttributeError: 'float' object has no attribute 'get'
--------------------------------- Captured Out ---------------------------------

</system-out><system-err>--------------------------------- Captured Err ---------------------------------

</system-err></testcase></testsuite></testsuites>